#
# A fatal error has been detected by the Java Runtime Environment:
#
#  SIGSEGV (0xb) at pc=0x000000010ada965d, pid=2451, tid=0x0000000000002403
#
# JRE version: Java(TM) SE Runtime Environment (8.0_121-b13) (build 1.8.0_121-b13)
# Java VM: Java HotSpot(TM) 64-Bit Server VM (25.121-b13 mixed mode bsd-amd64 compressed oops)
# Problematic frame:
# V  [libjvm.dylib+0x1a965d]  oopDesc::size()+0x2d
#
# Failed to write core dump. Core dumps have been disabled. To enable core dumping, try "ulimit -c unlimited" before starting Java again
#
# If you would like to submit a bug report, please visit:
#   http://bugreport.java.com/bugreport/crash.jsp
#

---------------  T H R E A D  ---------------

Current thread (0x00007fcd82805800):  GCTaskThread [stack: 0x00007000029a2000,0x0000700002aa2000] [id=9219]

siginfo: si_signo: 11 (SIGSEGV), si_code: 1 (SEGV_MAPERR), si_addr: 0x00000005c0040418

Registers:
RAX=0x000000010b43daa0, RBX=0x00007fcd81610a50, RCX=0x000000000000a503, RDX=0x0000000000052901
RSP=0x0000700002aa1be0, RBP=0x0000700002aa1be0, RSI=0x0000000740294850, RDI=0x00000005c0040410
R8 =0x0000000000000005, R9 =0x000000000000ce36, R10=0x0000009000000001, R11=0x0000000010000000
R12=0x0000000740294700, R13=0x000000074029470c, R14=0x0000000740294850, R15=0x00000007c003e7e0
RIP=0x000000010ada965d, EFLAGS=0x0000000000010202, ERR=0x0000000000000004
  TRAPNO=0x000000000000000e

Top of Stack: (sp=0x0000700002aa1be0)
0x0000700002aa1be0:   0000700002aa1c10 000000010aec2e64
0x0000700002aa1bf0:   00007fcd81610a50 00007fcd81610a50
0x0000700002aa1c00:   00000007c003e7d0 00000007c003e7e0
0x0000700002aa1c10:   0000700002aa1c60 000000010aebf859
0x0000700002aa1c20:   00007fcd81610a50 00000007402946e0
0x0000700002aa1c30:   0000000000000000 00007fcd81610a50
0x0000700002aa1c40:   00000007402946e0 000000010b2123b1
0x0000700002aa1c50:   00007fcd81610a58 000000010b43daa0
0x0000700002aa1c60:   0000700002aa1cf0 000000010b0bbc84
0x0000700002aa1c70:   0000000000000000 00007fcd81610a90
0x0000700002aa1c80:   00007fcd81610ad8 00007fcd81610b10
0x0000700002aa1c90:   0000000000000000 0000000000000000
0x0000700002aa1ca0:   00000007402946e0 00007fcd8630d800
0x0000700002aa1cb0:   0000700002aa1c01 00007fcd82805801
0x0000700002aa1cc0:   00007fcd82805800 00007fcd81610a50
0x0000700002aa1cd0:   0000000000000000 000000010b2123b1
0x0000700002aa1ce0:   00007fcd8160bd60 0000000000000001
0x0000700002aa1cf0:   0000700002aa1db0 000000010b0adfce
0x0000700002aa1d00:   0000000000000000 000000010b4d0050
0x0000700002aa1d10:   0000000000000000 0000700002aa1d60
0x0000700002aa1d20:   0000000000000000 000000010b4d00f0
0x0000700002aa1d30:   0000700000000000 0000700002aa1d60
0x0000700002aa1d40:   000000010b4d0110 000000010b1eef00
0x0000700002aa1d50:   0000700002aa1d60 0000000000000001
0x0000700002aa1d60:   000000010b4d5830 000000010b086100
0x0000700002aa1d70:   00007fcd81610a50 00007fcd8160a010
0x0000700002aa1d80:   00007fcd8160a040 00007fcd8160a050
0x0000700002aa1d90:   00007fcd8160a428 00000000000003d8
0x0000700002aa1da0:   00007fcd82805800 00007fcd8160bd60
0x0000700002aa1db0:   0000700002aa1e90 000000010ae765d7
0x0000700002aa1dc0:   0000700002aa1df0 00007fcd8160a010
0x0000700002aa1dd0:   00007fcd8160a040 00007fcd8160a050 

Instructions: (pc=0x000000010ada965d)
0x000000010ada963d:   84 d2 48 89 fe 74 15 48 8d 05 55 44 69 00 8a 48
0x000000010ada964d:   08 8b 7e 08 48 d3 e7 48 03 38 eb 04 48 8b 7e 08
0x000000010ada965d:   8b 47 08 85 c0 7e 09 a8 01 75 4e c1 f8 03 eb 47
0x000000010ada966d:   85 c0 7f 43 85 c0 79 41 84 d2 0f 94 c1 0f b6 c9 

Register to memory mapping:

RAX=0x000000010b43daa0: _ZN8Universe13_narrow_klassE+0 in /Library/Java/JavaVirtualMachines/jdk1.8.0_121.jdk/Contents/Home/jre/lib/server/libjvm.dylib at 0x000000010ac00000
RBX=0x00007fcd81610a50 is an unknown value
RCX=0x000000000000a503 is an unknown value
RDX=0x0000000000052901 is an unknown value
RSP=0x0000700002aa1be0 is an unknown value
RBP=0x0000700002aa1be0 is an unknown value
RSI=
[error occurred during error reporting (printing register info), id 0xb]

Stack: [0x00007000029a2000,0x0000700002aa2000],  sp=0x0000700002aa1be0,  free space=1022k
Native frames: (J=compiled Java code, j=interpreted, Vv=VM code, C=native code)
V  [libjvm.dylib+0x1a965d]  oopDesc::size()+0x2d
V  [libjvm.dylib+0x2c2e64]  void PSParallelCompact::mark_and_push<unsigned int>(ParCompactionManager*, unsigned int*)+0x6a
V  [libjvm.dylib+0x2bf859]  InstanceKlass::oop_follow_contents(ParCompactionManager*, oopDesc*)+0x10d
V  [libjvm.dylib+0x4bbc84]  ParCompactionManager::follow_marking_stacks()+0xb4
V  [libjvm.dylib+0x4adfce]  ThreadRootsMarkingTask::do_it(GCTaskManager*, unsigned int)+0x11e
V  [libjvm.dylib+0x2765d7]  GCTaskThread::run()+0x1a1
V  [libjvm.dylib+0x48a5b2]  java_start(Thread*)+0xf6
C  [libsystem_pthread.dylib+0x3aab]  _pthread_body+0xb4
C  [libsystem_pthread.dylib+0x39f7]  _pthread_body+0x0
C  [libsystem_pthread.dylib+0x31fd]  thread_start+0xd


---------------  P R O C E S S  ---------------

Java Threads: ( => current thread )
  0x00007fcd8630d800 JavaThread "File lock request listener" [_thread_in_native, id=20483, stack(0x000070000387a000,0x000070000397a000)]
  0x00007fcd8397f000 JavaThread "process reaper" daemon [_thread_blocked, id=19971, stack(0x000070000384f000,0x0000700003877000)]
  0x00007fcd81b41000 JavaThread "pool-1-thread-1" [_thread_blocked, id=19459, stack(0x000070000374c000,0x000070000384c000)]
  0x00007fcd83071000 JavaThread "Service Thread" daemon [_thread_blocked, id=18435, stack(0x0000700003546000,0x0000700003646000)]
  0x00007fcd82829000 JavaThread "C1 CompilerThread2" daemon [_thread_blocked, id=17923, stack(0x0000700003443000,0x0000700003543000)]
  0x00007fcd8304e800 JavaThread "C2 CompilerThread1" daemon [_thread_in_native, id=17411, stack(0x0000700003340000,0x0000700003440000)]
  0x00007fcd8200c000 JavaThread "C2 CompilerThread0" daemon [_thread_in_native, id=16899, stack(0x000070000323d000,0x000070000333d000)]
  0x00007fcd83026000 JavaThread "Signal Dispatcher" daemon [_thread_blocked, id=16387, stack(0x000070000313a000,0x000070000323a000)]
  0x00007fcd82004800 JavaThread "Finalizer" daemon [_thread_blocked, id=12291, stack(0x0000700002fb4000,0x00007000030b4000)]
  0x00007fcd82837000 JavaThread "Reference Handler" daemon [_thread_blocked, id=11779, stack(0x0000700002eb1000,0x0000700002fb1000)]
  0x00007fcd81808800 JavaThread "main" [_thread_blocked, id=6915, stack(0x000070000289f000,0x000070000299f000)]

Other Threads:
  0x00007fcd82836000 VMThread [stack: 0x0000700002dae000,0x0000700002eae000] [id=11267]
  0x00007fcd8200c800 WatcherThread [stack: 0x0000700003649000,0x0000700003749000] [id=18947]

=>0x00007fcd82805800 (exited) GCTaskThread [stack: 0x00007000029a2000,0x0000700002aa2000] [id=9219]

VM state:at safepoint (normal execution)

VM Mutex/Monitor currently owned by a thread:  ([mutex/lock_event])
[0x00007fcd814044a0] Threads_lock - owner thread: 0x00007fcd82836000
[0x00007fcd814049a0] Heap_lock - owner thread: 0x00007fcd82829000
[0x00007fcd81404f20] MethodData_lock - owner thread: 0x00007fcd82829000

Heap:
 PSYoungGen      total 218112K, used 11751K [0x0000000795580000, 0x00000007a4c80000, 0x00000007c0000000)
  eden space 204800K, 0% used [0x0000000795580000,0x0000000795580000,0x00000007a1d80000)
  from space 13312K, 88% used [0x00000007a2b80000,0x00000007a36f9c18,0x00000007a3880000)
  to   space 14336K, 0% used [0x00000007a1d80000,0x00000007a1d80000,0x00000007a2b80000)
 ParOldGen       total 53248K, used 10537K [0x0000000740000000, 0x0000000743400000, 0x0000000795580000)
  object space 53248K, 19% used [0x0000000740000000,0x0000000740a4a550,0x0000000743400000)
 Metaspace       used 34570K, capacity 35212K, committed 35416K, reserved 1079296K
  class space    used 4721K, capacity 4943K, committed 4952K, reserved 1048576K

Card table byte_map: [0x000000010bf62000,0x000000010c363000] byte_map_base: 0x0000000108562000

Marking Bits: (ParMarkBitMap*) 0x000000010b4f0d30
 Begin Bits: [0x000000011f3d2000, 0x00000001213d2000)
 End Bits:   [0x00000001213d2000, 0x00000001233d2000)

Polling page: 0x000000010a289000

CodeCache: size=245760Kb used=11340Kb max_used=11340Kb free=234419Kb
 bounds [0x00000001103d2000, 0x0000000110ef2000, 0x000000011f3d2000]
 total_blobs=3979 nmethods=3316 adapters=576
 compilation: enabled

Compilation events (10 events):
Event: 9.858 Thread 0x00007fcd82829000 nmethod 3368 0x0000000110edd9d0 code [0x0000000110eddb60, 0x0000000110edde78]
Event: 9.865 Thread 0x00007fcd82829000 3370 %     3       org.codehaus.groovy.runtime.metaclass.MetaMethodIndex::resize @ 32 (103 bytes)
Event: 9.865 Thread 0x00007fcd82829000 nmethod 3370% 0x0000000110ede090 code [0x0000000110ede240, 0x0000000110ede850]
Event: 9.865 Thread 0x00007fcd82829000 3369       2       groovy.lang.MetaClassImpl::applyStrayPropertyMethods (297 bytes)
Event: 9.868 Thread 0x00007fcd82829000 nmethod 3369 0x0000000110edec50 code [0x0000000110edef20, 0x0000000110edfb58]
Event: 9.885 Thread 0x00007fcd82829000 3371       1       org.codehaus.groovy.runtime.metaclass.NewStaticMetaMethod::isStatic (2 bytes)
Event: 9.886 Thread 0x00007fcd82829000 nmethod 3371 0x0000000110ee0d10 code [0x0000000110ee0e60, 0x0000000110ee0f70]
Event: 9.889 Thread 0x00007fcd82829000 3372       2       java.beans.Introspector::getTargetEventInfo (1082 bytes)
Event: 9.901 Thread 0x00007fcd82829000 nmethod 3372 0x0000000110ee0fd0 code [0x0000000110ee17e0, 0x0000000110ee45d8]
Event: 9.901 Thread 0x00007fcd82829000 3373   !   2       java.beans.Introspector::getTargetPropertyInfo (582 bytes)

GC Heap History (10 events):
Event: 4.609 GC heap after
Heap after GC invocations=5 (full 0):
 PSYoungGen      total 71680K, used 5104K [0x0000000795580000, 0x000000079ec80000, 0x00000007c0000000)
  eden space 66560K, 0% used [0x0000000795580000,0x0000000795580000,0x0000000799680000)
  from space 5120K, 99% used [0x0000000799680000,0x0000000799b7c020,0x0000000799b80000)
  to   space 10752K, 0% used [0x000000079e200000,0x000000079e200000,0x000000079ec80000)
 ParOldGen       total 87552K, used 9278K [0x0000000740000000, 0x0000000745580000, 0x0000000795580000)
  object space 87552K, 10% used [0x0000000740000000,0x000000074090f990,0x0000000745580000)
 Metaspace       used 20828K, capacity 21074K, committed 21248K, reserved 1067008K
  class space    used 2867K, capacity 2968K, committed 3072K, reserved 1048576K
}
Event: 4.609 GC heap before
{Heap before GC invocations=6 (full 1):
 PSYoungGen      total 71680K, used 5104K [0x0000000795580000, 0x000000079ec80000, 0x00000007c0000000)
  eden space 66560K, 0% used [0x0000000795580000,0x0000000795580000,0x0000000799680000)
  from space 5120K, 99% used [0x0000000799680000,0x0000000799b7c020,0x0000000799b80000)
  to   space 10752K, 0% used [0x000000079e200000,0x000000079e200000,0x000000079ec80000)
 ParOldGen       total 87552K, used 9278K [0x0000000740000000, 0x0000000745580000, 0x0000000795580000)
  object space 87552K, 10% used [0x0000000740000000,0x000000074090f990,0x0000000745580000)
 Metaspace       used 20828K, capacity 21074K, committed 21248K, reserved 1067008K
  class space    used 2867K, capacity 2968K, committed 3072K, reserved 1048576K
Event: 4.679 GC heap after
Heap after GC invocations=6 (full 1):
 PSYoungGen      total 71680K, used 0K [0x0000000795580000, 0x000000079ec80000, 0x00000007c0000000)
  eden space 66560K, 0% used [0x0000000795580000,0x0000000795580000,0x0000000799680000)
  from space 5120K, 0% used [0x0000000799680000,0x0000000799680000,0x0000000799b80000)
  to   space 10752K, 0% used [0x000000079e200000,0x000000079e200000,0x000000079ec80000)
 ParOldGen       total 53248K, used 7499K [0x0000000740000000, 0x0000000743400000, 0x0000000795580000)
  object space 53248K, 14% used [0x0000000740000000,0x0000000740752db0,0x0000000743400000)
 Metaspace       used 20828K, capacity 21074K, committed 21248K, reserved 1067008K
  class space    used 2867K, capacity 2968K, committed 3072K, reserved 1048576K
}
Event: 6.296 GC heap before
{Heap before GC invocations=7 (full 1):
 PSYoungGen      total 71680K, used 66560K [0x0000000795580000, 0x000000079ec80000, 0x00000007c0000000)
  eden space 66560K, 100% used [0x0000000795580000,0x0000000799680000,0x0000000799680000)
  from space 5120K, 0% used [0x0000000799680000,0x0000000799680000,0x0000000799b80000)
  to   space 10752K, 0% used [0x000000079e200000,0x000000079e200000,0x000000079ec80000)
 ParOldGen       total 53248K, used 7499K [0x0000000740000000, 0x0000000743400000, 0x0000000795580000)
  object space 53248K, 14% used [0x0000000740000000,0x0000000740752db0,0x0000000743400000)
 Metaspace       used 26522K, capacity 26994K, committed 27264K, reserved 1073152K
  class space    used 3695K, capacity 3871K, committed 3968K, reserved 1048576K
Event: 6.312 GC heap after
Heap after GC invocations=7 (full 1):
 PSYoungGen      total 124928K, used 6389K [0x0000000795580000, 0x000000079e880000, 0x00000007c0000000)
  eden space 118272K, 0% used [0x0000000795580000,0x0000000795580000,0x000000079c900000)
  from space 6656K, 95% used [0x000000079e200000,0x000000079e83d4e0,0x000000079e880000)
  to   space 10752K, 0% used [0x000000079d380000,0x000000079d380000,0x000000079de00000)
 ParOldGen       total 53248K, used 7507K [0x0000000740000000, 0x0000000743400000, 0x0000000795580000)
  object space 53248K, 14% used [0x0000000740000000,0x0000000740754db0,0x0000000743400000)
 Metaspace       used 26522K, capacity 26994K, committed 27264K, reserved 1073152K
  class space    used 3695K, capacity 3871K, committed 3968K, reserved 1048576K
}
Event: 9.261 GC heap before
{Heap before GC invocations=8 (full 1):
 PSYoungGen      total 124928K, used 124661K [0x0000000795580000, 0x000000079e880000, 0x00000007c0000000)
  eden space 118272K, 100% used [0x0000000795580000,0x000000079c900000,0x000000079c900000)
  from space 6656K, 95% used [0x000000079e200000,0x000000079e83d4e0,0x000000079e880000)
  to   space 10752K, 0% used [0x000000079d380000,0x000000079d380000,0x000000079de00000)
 ParOldGen       total 53248K, used 7507K [0x0000000740000000, 0x0000000743400000, 0x0000000795580000)
  object space 53248K, 14% used [0x0000000740000000,0x0000000740754db0,0x0000000743400000)
 Metaspace       used 33932K, capacity 34530K, committed 34816K, reserved 1079296K
  class space    used 4624K, capacity 4782K, committed 4864K, reserved 1048576K
Event: 9.304 GC heap after
Heap after GC invocations=8 (full 1):
 PSYoungGen      total 139776K, used 10748K [0x0000000795580000, 0x00000007a3880000, 0x00000007c0000000)
  eden space 129024K, 0% used [0x0000000795580000,0x0000000795580000,0x000000079d380000)
  from space 10752K, 99% used [0x000000079d380000,0x000000079ddff348,0x000000079de00000)
  to   space 13312K, 0% used [0x00000007a2b80000,0x00000007a2b80000,0x00000007a3880000)
 ParOldGen       total 53248K, used 10529K [0x0000000740000000, 0x0000000743400000, 0x0000000795580000)
  object space 53248K, 19% used [0x0000000740000000,0x0000000740a48550,0x0000000743400000)
 Metaspace       used 33932K, capacity 34530K, committed 34816K, reserved 1079296K
  class space    used 4624K, capacity 4782K, committed 4864K, reserved 1048576K
}
Event: 9.901 GC heap before
{Heap before GC invocations=9 (full 1):
 PSYoungGen      total 139776K, used 41549K [0x0000000795580000, 0x00000007a3880000, 0x00000007c0000000)
  eden space 129024K, 23% used [0x0000000795580000,0x0000000797394440,0x000000079d380000)
  from space 10752K, 99% used [0x000000079d380000,0x000000079ddff348,0x000000079de00000)
  to   space 13312K, 0% used [0x00000007a2b80000,0x00000007a2b80000,0x00000007a3880000)
 ParOldGen       total 53248K, used 10529K [0x0000000740000000, 0x0000000743400000, 0x0000000795580000)
  object space 53248K, 19% used [0x0000000740000000,0x0000000740a48550,0x0000000743400000)
 Metaspace       used 34570K, capacity 35212K, committed 35416K, reserved 1079296K
  class space    used 4721K, capacity 4943K, committed 4952K, reserved 1048576K
Event: 9.927 GC heap after
Heap after GC invocations=9 (full 1):
 PSYoungGen      total 218112K, used 11751K [0x0000000795580000, 0x00000007a4c80000, 0x00000007c0000000)
  eden space 204800K, 0% used [0x0000000795580000,0x0000000795580000,0x00000007a1d80000)
  from space 13312K, 88% used [0x00000007a2b80000,0x00000007a36f9c18,0x00000007a3880000)
  to   space 14336K, 0% used [0x00000007a1d80000,0x00000007a1d80000,0x00000007a2b80000)
 ParOldGen       total 53248K, used 10537K [0x0000000740000000, 0x0000000743400000, 0x0000000795580000)
  object space 53248K, 19% used [0x0000000740000000,0x0000000740a4a550,0x0000000743400000)
 Metaspace       used 34570K, capacity 35212K, committed 35416K, reserved 1079296K
  class space    used 4721K, capacity 4943K, committed 4952K, reserved 1048576K
}
Event: 9.927 GC heap before
{Heap before GC invocations=10 (full 2):
 PSYoungGen      total 218112K, used 11751K [0x0000000795580000, 0x00000007a4c80000, 0x00000007c0000000)
  eden space 204800K, 0% used [0x0000000795580000,0x0000000795580000,0x00000007a1d80000)
  from space 13312K, 88% used [0x00000007a2b80000,0x00000007a36f9c18,0x00000007a3880000)
  to   space 14336K, 0% used [0x00000007a1d80000,0x00000007a1d80000,0x00000007a2b80000)
 ParOldGen       total 53248K, used 10537K [0x0000000740000000, 0x0000000743400000, 0x0000000795580000)
  object space 53248K, 19% used [0x0000000740000000,0x0000000740a4a550,0x0000000743400000)
 Metaspace       used 34570K, capacity 35212K, committed 35416K, reserved 1079296K
  class space    used 4721K, capacity 4943K, committed 4952K, reserved 1048576K

Deoptimization events (10 events):
Event: 8.896 Thread 0x00007fcd81808800 Uncommon trap: reason=bimorphic action=maybe_recompile pc=0x0000000110afffbc method=java.util.regex.Pattern$Start.match(Ljava/util/regex/Matcher;ILjava/lang/CharSequence;)Z @ 44
Event: 8.923 Thread 0x00007fcd81808800 Uncommon trap: reason=bimorphic action=maybe_recompile pc=0x0000000110afffbc method=java.util.regex.Pattern$Start.match(Ljava/util/regex/Matcher;ILjava/lang/CharSequence;)Z @ 44
Event: 8.923 Thread 0x00007fcd81808800 Uncommon trap: reason=bimorphic action=maybe_recompile pc=0x0000000110afffbc method=java.util.regex.Pattern$Start.match(Ljava/util/regex/Matcher;ILjava/lang/CharSequence;)Z @ 44
Event: 8.938 Thread 0x00007fcd81808800 Uncommon trap: reason=bimorphic action=maybe_recompile pc=0x0000000110afffbc method=java.util.regex.Pattern$Start.match(Ljava/util/regex/Matcher;ILjava/lang/CharSequence;)Z @ 44
Event: 9.133 Thread 0x00007fcd81808800 Uncommon trap: reason=unstable_if action=reinterpret pc=0x0000000110963d60 method=java.lang.CharacterDataLatin1.isWhitespace(I)Z @ 14
Event: 9.141 Thread 0x00007fcd81808800 Uncommon trap: reason=class_check action=maybe_recompile pc=0x0000000110bbec44 method=java.security.MessageDigest$Delegate.engineUpdate([BII)V @ 7
Event: 9.141 Thread 0x00007fcd81808800 Uncommon trap: reason=predicate action=maybe_recompile pc=0x0000000110bc3d08 method=sun.security.provider.DigestBase.implCompressMultiBlock([BII)I @ 5
Event: 9.142 Thread 0x00007fcd81808800 Uncommon trap: reason=class_check action=maybe_recompile pc=0x0000000110bc4080 method=sun.security.provider.DigestBase.implCompressMultiBlock([BII)I @ 8
Event: 9.177 Thread 0x00007fcd81808800 Uncommon trap: reason=class_check action=maybe_recompile pc=0x0000000110bbd49c method=java.security.MessageDigest$Delegate.engineUpdate([BII)V @ 7
Event: 9.321 Thread 0x00007fcd81808800 Uncommon trap: reason=unstable_if action=reinterpret pc=0x0000000110d36300 method=java.util.LinkedHashMap.get(Ljava/lang/Object;)Ljava/lang/Object; @ 20

Internal exceptions (10 events):
Event: 9.877 Thread 0x00007fcd81808800 Exception <a 'java/lang/ClassNotFoundException': org/gradle/api/internal/file/collections/FileCollectionContainerBeanInfo> (0x0000000797056028) thrown at [/Users/java_re/workspace/8-2-build-macosx-x86_64/jdk8u121/8372/hotspot/src/share/vm/classfile/system
Event: 9.878 Thread 0x00007fcd81808800 Exception <a 'java/lang/ClassNotFoundException': org/gradle/api/internal/file/collections/FileCollectionContainerCustomizer> (0x0000000797084f08) thrown at [/Users/java_re/workspace/8-2-build-macosx-x86_64/jdk8u121/8372/hotspot/src/share/vm/classfile/syst
Event: 9.879 Thread 0x00007fcd81808800 Exception <a 'java/lang/ClassNotFoundException': org/gradle/api/internal/tasks/TaskDependencyContainerBeanInfo> (0x00000007970bdb48) thrown at [/Users/java_re/workspace/8-2-build-macosx-x86_64/jdk8u121/8372/hotspot/src/share/vm/classfile/systemDictionary.
Event: 9.880 Thread 0x00007fcd81808800 Exception <a 'java/lang/ClassNotFoundException': org/gradle/api/internal/tasks/TaskDependencyContainerCustomizer> (0x00000007970e86f0) thrown at [/Users/java_re/workspace/8-2-build-macosx-x86_64/jdk8u121/8372/hotspot/src/share/vm/classfile/systemDictionar
Event: 9.882 Thread 0x00007fcd81808800 Exception <a 'java/lang/ClassNotFoundException': org/gradle/api/internal/file/FileTreeInternalBeanInfo> (0x000000079711fff0) thrown at [/Users/java_re/workspace/8-2-build-macosx-x86_64/jdk8u121/8372/hotspot/src/share/vm/classfile/systemDictionary.cpp, lin
Event: 9.883 Thread 0x00007fcd81808800 Exception <a 'java/lang/ClassNotFoundException': org/gradle/api/internal/file/FileTreeInternalCustomizer> (0x0000000797147270) thrown at [/Users/java_re/workspace/8-2-build-macosx-x86_64/jdk8u121/8372/hotspot/src/share/vm/classfile/systemDictionary.cpp, l
Event: 9.884 Thread 0x00007fcd81808800 Exception <a 'java/lang/ClassNotFoundException': org/gradle/api/file/FileTreeBeanInfo> (0x00000007971761d0) thrown at [/Users/java_re/workspace/8-2-build-macosx-x86_64/jdk8u121/8372/hotspot/src/share/vm/classfile/systemDictionary.cpp, line 210]
Event: 9.885 Thread 0x00007fcd81808800 Exception <a 'java/lang/ClassNotFoundException': org/gradle/api/file/FileTreeCustomizer> (0x00000007971958d0) thrown at [/Users/java_re/workspace/8-2-build-macosx-x86_64/jdk8u121/8372/hotspot/src/share/vm/classfile/systemDictionary.cpp, line 210]
Event: 9.888 Thread 0x00007fcd81808800 Exception <a 'java/lang/ClassNotFoundException': org/gradle/api/file/ConfigurableFileTreeBeanInfo> (0x00000007971cf228) thrown at [/Users/java_re/workspace/8-2-build-macosx-x86_64/jdk8u121/8372/hotspot/src/share/vm/classfile/systemDictionary.cpp, line 210
Event: 9.889 Thread 0x00007fcd81808800 Exception <a 'java/lang/ClassNotFoundException': org/gradle/api/file/ConfigurableFileTreeCustomizer> (0x00000007971f3568) thrown at [/Users/java_re/workspace/8-2-build-macosx-x86_64/jdk8u121/8372/hotspot/src/share/vm/classfile/systemDictionary.cpp, line 2

Events (10 events):
Event: 9.888 loading class org/gradle/api/file/ConfigurableFileTreeBeanInfo done
Event: 9.888 loading class org/gradle/api/file/ConfigurableFileTreeCustomizer
Event: 9.888 loading class org/gradle/api/file/ConfigurableFileTreeCustomizer done
Event: 9.888 loading class org/gradle/api/file/ConfigurableFileTreeCustomizer
Event: 9.888 loading class org/gradle/api/file/ConfigurableFileTreeCustomizer done
Event: 9.888 loading class org/gradle/api/file/ConfigurableFileTreeCustomizer
Event: 9.888 loading class org/gradle/api/file/ConfigurableFileTreeCustomizer done
Event: 9.889 loading class org/gradle/api/file/ConfigurableFileTreeCustomizer
Event: 9.889 loading class org/gradle/api/file/ConfigurableFileTreeCustomizer done
Event: 9.901 Executing VM operation: CollectForMetadataAllocation


Dynamic libraries:
0x00000000168e5000 	/System/Library/Frameworks/Cocoa.framework/Versions/A/Cocoa
0x00000000168e5000 	/System/Library/Frameworks/Security.framework/Versions/A/Security
0x00000000168e5000 	/System/Library/Frameworks/ApplicationServices.framework/Versions/A/ApplicationServices
0x00000000168e5000 	/usr/lib/libz.1.dylib
0x00000000168e5000 	/usr/lib/libSystem.B.dylib
0x00000000168e5000 	/usr/lib/libobjc.A.dylib
0x00000000168e5000 	/System/Library/Frameworks/CoreFoundation.framework/Versions/A/CoreFoundation
0x00000000168e5000 	/System/Library/Frameworks/Foundation.framework/Versions/C/Foundation
0x00000000168e5000 	/System/Library/Frameworks/AppKit.framework/Versions/C/AppKit
0x00000000168e5000 	/System/Library/Frameworks/CoreData.framework/Versions/A/CoreData
0x00000000168e5000 	/System/Library/PrivateFrameworks/RemoteViewServices.framework/Versions/A/RemoteViewServices
0x00000000168e5000 	/System/Library/PrivateFrameworks/UIFoundation.framework/Versions/A/UIFoundation
0x00000000168e5000 	/System/Library/PrivateFrameworks/DFRFoundation.framework/Versions/A/DFRFoundation
0x00000000168e5000 	/usr/lib/libenergytrace.dylib
0x00000000168e5000 	/System/Library/PrivateFrameworks/SkyLight.framework/Versions/A/SkyLight
0x00000000168e5000 	/System/Library/Frameworks/CoreGraphics.framework/Versions/A/CoreGraphics
0x00000000168e5000 	/usr/lib/libScreenReader.dylib
0x00000000168e5000 	/System/Library/Frameworks/Accelerate.framework/Versions/A/Accelerate
0x00000000168e5000 	/System/Library/Frameworks/IOSurface.framework/Versions/A/IOSurface
0x00000000168e5000 	/System/Library/Frameworks/AudioToolbox.framework/Versions/A/AudioToolbox
0x00000000168e5000 	/System/Library/Frameworks/AudioUnit.framework/Versions/A/AudioUnit
0x00000000168e5000 	/System/Library/PrivateFrameworks/DataDetectorsCore.framework/Versions/A/DataDetectorsCore
0x00000000168e5000 	/System/Library/PrivateFrameworks/DesktopServicesPriv.framework/Versions/A/DesktopServicesPriv
0x00000000168e5000 	/System/Library/Frameworks/Carbon.framework/Versions/A/Frameworks/HIToolbox.framework/Versions/A/HIToolbox
0x00000000168e5000 	/usr/lib/libicucore.A.dylib
0x00000000168e5000 	/System/Library/Frameworks/QuartzCore.framework/Versions/A/QuartzCore
0x00000000168e5000 	/System/Library/Frameworks/Carbon.framework/Versions/A/Frameworks/SpeechRecognition.framework/Versions/A/SpeechRecognition
0x00000000168e5000 	/usr/lib/libauto.dylib
0x00000000168e5000 	/usr/lib/libxml2.2.dylib
0x00000000168e5000 	/System/Library/PrivateFrameworks/CoreUI.framework/Versions/A/CoreUI
0x00000000168e5000 	/System/Library/Frameworks/CoreAudio.framework/Versions/A/CoreAudio
0x00000000168e5000 	/System/Library/Frameworks/DiskArbitration.framework/Versions/A/DiskArbitration
0x00000000168e5000 	/usr/lib/liblangid.dylib
0x00000000168e5000 	/System/Library/PrivateFrameworks/MultitouchSupport.framework/Versions/A/MultitouchSupport
0x00000000168e5000 	/System/Library/Frameworks/IOKit.framework/Versions/A/IOKit
0x00000000168e5000 	/usr/lib/libDiagnosticMessagesClient.dylib
0x00000000168e5000 	/System/Library/Frameworks/CoreServices.framework/Versions/A/CoreServices
0x00000000168e5000 	/System/Library/PrivateFrameworks/PerformanceAnalysis.framework/Versions/A/PerformanceAnalysis
0x00000000168e5000 	/System/Library/PrivateFrameworks/GenerationalStorage.framework/Versions/A/GenerationalStorage
0x00000000168e5000 	/System/Library/Frameworks/OpenGL.framework/Versions/A/OpenGL
0x00000000168e5000 	/System/Library/Frameworks/CoreImage.framework/Versions/A/CoreImage
0x00000000168e5000 	/System/Library/Frameworks/CoreText.framework/Versions/A/CoreText
0x00000000168e5000 	/System/Library/Frameworks/ImageIO.framework/Versions/A/ImageIO
0x00000000168e5000 	/System/Library/PrivateFrameworks/Backup.framework/Versions/A/Backup
0x00000000168e5000 	/usr/lib/libarchive.2.dylib
0x00000000168e5000 	/System/Library/Frameworks/CFNetwork.framework/Versions/A/CFNetwork
0x00000000168e5000 	/System/Library/Frameworks/SystemConfiguration.framework/Versions/A/SystemConfiguration
0x00000000168e5000 	/usr/lib/libCRFSuite.dylib
0x00000000168e5000 	/usr/lib/libc++.1.dylib
0x00000000168e5000 	/usr/lib/libc++abi.dylib
0x00000000168e5000 	/usr/lib/system/libcache.dylib
0x00000000168e5000 	/usr/lib/system/libcommonCrypto.dylib
0x00000000168e5000 	/usr/lib/system/libcompiler_rt.dylib
0x00000000168e5000 	/usr/lib/system/libcopyfile.dylib
0x00000000168e5000 	/usr/lib/system/libcorecrypto.dylib
0x00000000168e5000 	/usr/lib/system/libdispatch.dylib
0x00000000168e5000 	/usr/lib/system/libdyld.dylib
0x00000000168e5000 	/usr/lib/system/libkeymgr.dylib
0x00000000168e5000 	/usr/lib/system/liblaunch.dylib
0x00000000168e5000 	/usr/lib/system/libmacho.dylib
0x00000000168e5000 	/usr/lib/system/libquarantine.dylib
0x00000000168e5000 	/usr/lib/system/libremovefile.dylib
0x00000000168e5000 	/usr/lib/system/libsystem_asl.dylib
0x00000000168e5000 	/usr/lib/system/libsystem_blocks.dylib
0x00000000168e5000 	/usr/lib/system/libsystem_c.dylib
0x00000000168e5000 	/usr/lib/system/libsystem_configuration.dylib
0x00000000168e5000 	/usr/lib/system/libsystem_coreservices.dylib
0x00000000168e5000 	/usr/lib/system/libsystem_coretls.dylib
0x00000000168e5000 	/usr/lib/system/libsystem_dnssd.dylib
0x00000000168e5000 	/usr/lib/system/libsystem_info.dylib
0x00000000168e5000 	/usr/lib/system/libsystem_kernel.dylib
0x00000000168e5000 	/usr/lib/system/libsystem_m.dylib
0x00000000168e5000 	/usr/lib/system/libsystem_malloc.dylib
0x00000000168e5000 	/usr/lib/system/libsystem_network.dylib
0x00000000168e5000 	/usr/lib/system/libsystem_networkextension.dylib
0x00000000168e5000 	/usr/lib/system/libsystem_notify.dylib
0x00000000168e5000 	/usr/lib/system/libsystem_platform.dylib
0x00000000168e5000 	/usr/lib/system/libsystem_pthread.dylib
0x00000000168e5000 	/usr/lib/system/libsystem_sandbox.dylib
0x00000000168e5000 	/usr/lib/system/libsystem_secinit.dylib
0x00000000168e5000 	/usr/lib/system/libsystem_symptoms.dylib
0x00000000168e5000 	/usr/lib/system/libsystem_trace.dylib
0x00000000168e5000 	/usr/lib/system/libunwind.dylib
0x00000000168e5000 	/usr/lib/system/libxpc.dylib
0x00000000168e5000 	/usr/lib/libbsm.0.dylib
0x00000000168e5000 	/usr/lib/system/libkxld.dylib
0x00000000168e5000 	/usr/lib/libcoretls.dylib
0x00000000168e5000 	/usr/lib/libcoretls_cfhelpers.dylib
0x00000000168e5000 	/usr/lib/libxar.1.dylib
0x00000000168e5000 	/usr/lib/libsqlite3.dylib
0x00000000168e5000 	/usr/lib/libpam.2.dylib
0x00000000168e5000 	/usr/lib/libOpenScriptingUtil.dylib
0x00000000168e5000 	/usr/lib/libbz2.1.0.dylib
0x00000000168e5000 	/usr/lib/liblzma.5.dylib
0x00000000168e5000 	/usr/lib/libnetwork.dylib
0x00000000168e5000 	/usr/lib/libpcap.A.dylib
0x00000000168e5000 	/System/Library/Frameworks/CoreServices.framework/Versions/A/Frameworks/FSEvents.framework/Versions/A/FSEvents
0x00000000168e5000 	/System/Library/Frameworks/CoreServices.framework/Versions/A/Frameworks/CarbonCore.framework/Versions/A/CarbonCore
0x00000000168e5000 	/System/Library/Frameworks/CoreServices.framework/Versions/A/Frameworks/Metadata.framework/Versions/A/Metadata
0x00000000168e5000 	/System/Library/Frameworks/CoreServices.framework/Versions/A/Frameworks/OSServices.framework/Versions/A/OSServices
0x00000000168e5000 	/System/Library/Frameworks/CoreServices.framework/Versions/A/Frameworks/SearchKit.framework/Versions/A/SearchKit
0x00000000168e5000 	/System/Library/Frameworks/CoreServices.framework/Versions/A/Frameworks/AE.framework/Versions/A/AE
0x00000000168e5000 	/System/Library/Frameworks/CoreServices.framework/Versions/A/Frameworks/LaunchServices.framework/Versions/A/LaunchServices
0x00000000168e5000 	/System/Library/Frameworks/CoreServices.framework/Versions/A/Frameworks/DictionaryServices.framework/Versions/A/DictionaryServices
0x00000000168e5000 	/System/Library/Frameworks/CoreServices.framework/Versions/A/Frameworks/SharedFileList.framework/Versions/A/SharedFileList
0x00000000168e5000 	/System/Library/Frameworks/NetFS.framework/Versions/A/NetFS
0x00000000168e5000 	/System/Library/PrivateFrameworks/NetAuth.framework/Versions/A/NetAuth
0x00000000168e5000 	/System/Library/PrivateFrameworks/login.framework/Versions/A/Frameworks/loginsupport.framework/Versions/A/loginsupport
0x00000000168e5000 	/System/Library/PrivateFrameworks/TCC.framework/Versions/A/TCC
0x00000000168e5000 	/usr/lib/libmecabra.dylib
0x00000000168e5000 	/System/Library/Frameworks/ApplicationServices.framework/Versions/A/Frameworks/ATS.framework/Versions/A/ATS
0x00000000168e5000 	/System/Library/Frameworks/ApplicationServices.framework/Versions/A/Frameworks/ColorSync.framework/Versions/A/ColorSync
0x00000000168e5000 	/System/Library/Frameworks/ApplicationServices.framework/Versions/A/Frameworks/HIServices.framework/Versions/A/HIServices
0x00000000168e5000 	/System/Library/Frameworks/ApplicationServices.framework/Versions/A/Frameworks/LangAnalysis.framework/Versions/A/LangAnalysis
0x00000000168e5000 	/System/Library/Frameworks/ApplicationServices.framework/Versions/A/Frameworks/PrintCore.framework/Versions/A/PrintCore
0x00000000168e5000 	/System/Library/Frameworks/ApplicationServices.framework/Versions/A/Frameworks/QD.framework/Versions/A/QD
0x00000000168e5000 	/System/Library/Frameworks/ApplicationServices.framework/Versions/A/Frameworks/SpeechSynthesis.framework/Versions/A/SpeechSynthesis
0x00000000168e5000 	/System/Library/Frameworks/Accelerate.framework/Versions/A/Frameworks/vImage.framework/Versions/A/vImage
0x00000000168e5000 	/System/Library/Frameworks/Accelerate.framework/Versions/A/Frameworks/vecLib.framework/Versions/A/vecLib
0x00000000168e5000 	/System/Library/Frameworks/Accelerate.framework/Versions/A/Frameworks/vecLib.framework/Versions/A/libvDSP.dylib
0x00000000168e5000 	/System/Library/Frameworks/Accelerate.framework/Versions/A/Frameworks/vecLib.framework/Versions/A/libBNNS.dylib
0x00000000168e5000 	/System/Library/Frameworks/Accelerate.framework/Versions/A/Frameworks/vecLib.framework/Versions/A/libQuadrature.dylib
0x00000000168e5000 	/System/Library/Frameworks/Accelerate.framework/Versions/A/Frameworks/vecLib.framework/Versions/A/libvMisc.dylib
0x00000000168e5000 	/System/Library/Frameworks/Accelerate.framework/Versions/A/Frameworks/vecLib.framework/Versions/A/libLAPACK.dylib
0x00000000168e5000 	/System/Library/Frameworks/Accelerate.framework/Versions/A/Frameworks/vecLib.framework/Versions/A/libBLAS.dylib
0x00000000168e5000 	/System/Library/Frameworks/Accelerate.framework/Versions/A/Frameworks/vecLib.framework/Versions/A/libLinearAlgebra.dylib
0x00000000168e5000 	/System/Library/Frameworks/Accelerate.framework/Versions/A/Frameworks/vecLib.framework/Versions/A/libSparseBLAS.dylib
0x00000000168e5000 	/System/Library/Frameworks/ApplicationServices.framework/Versions/A/Frameworks/ATS.framework/Versions/A/Resources/libFontParser.dylib
0x00000000168e5000 	/System/Library/Frameworks/ApplicationServices.framework/Versions/A/Frameworks/ATS.framework/Versions/A/Resources/libFontRegistry.dylib
0x00000000168e5000 	/System/Library/Frameworks/ImageIO.framework/Versions/A/Resources/libJPEG.dylib
0x00000000168e5000 	/System/Library/Frameworks/ImageIO.framework/Versions/A/Resources/libTIFF.dylib
0x00000000168e5000 	/System/Library/Frameworks/ImageIO.framework/Versions/A/Resources/libPng.dylib
0x00000000168e5000 	/System/Library/Frameworks/ImageIO.framework/Versions/A/Resources/libGIF.dylib
0x00000000168e5000 	/System/Library/Frameworks/ImageIO.framework/Versions/A/Resources/libJP2.dylib
0x00000000168e5000 	/System/Library/Frameworks/ImageIO.framework/Versions/A/Resources/libRadiance.dylib
0x00000000168e5000 	/usr/lib/libcompression.dylib
0x00000000168e5000 	/System/Library/PrivateFrameworks/AppleJPEG.framework/Versions/A/AppleJPEG
0x00000000168e5000 	/usr/lib/libcups.2.dylib
0x00000000168e5000 	/System/Library/Frameworks/Kerberos.framework/Versions/A/Kerberos
0x00000000168e5000 	/System/Library/Frameworks/GSS.framework/Versions/A/GSS
0x00000000168e5000 	/usr/lib/libresolv.9.dylib
0x00000000168e5000 	/usr/lib/libiconv.2.dylib
0x00000000168e5000 	/System/Library/PrivateFrameworks/Heimdal.framework/Versions/A/Heimdal
0x00000000168e5000 	/usr/lib/libheimdal-asn1.dylib
0x00000000168e5000 	/System/Library/Frameworks/OpenDirectory.framework/Versions/A/OpenDirectory
0x00000000168e5000 	/System/Library/PrivateFrameworks/CommonAuth.framework/Versions/A/CommonAuth
0x00000000168e5000 	/System/Library/Frameworks/OpenDirectory.framework/Versions/A/Frameworks/CFOpenDirectory.framework/Versions/A/CFOpenDirectory
0x00000000168e5000 	/System/Library/Frameworks/SecurityFoundation.framework/Versions/A/SecurityFoundation
0x00000000168e5000 	/System/Library/PrivateFrameworks/LanguageModeling.framework/Versions/A/LanguageModeling
0x00000000168e5000 	/usr/lib/libmarisa.dylib
0x00000000168e5000 	/usr/lib/libChineseTokenizer.dylib
0x00000000168e5000 	/usr/lib/libcmph.dylib
0x00000000168e5000 	/System/Library/PrivateFrameworks/CoreEmoji.framework/Versions/A/CoreEmoji
0x00000000168e5000 	/System/Library/Frameworks/ServiceManagement.framework/Versions/A/ServiceManagement
0x00000000168e5000 	/usr/lib/libxslt.1.dylib
0x00000000168e5000 	/System/Library/Frameworks/Carbon.framework/Versions/A/Frameworks/Ink.framework/Versions/A/Ink
0x00000000168e5000 	/System/Library/PrivateFrameworks/TextureIO.framework/Versions/A/TextureIO
0x00000000168e5000 	/System/Library/Frameworks/Metal.framework/Versions/A/Metal
0x00000000168e5000 	/usr/lib/libate.dylib
0x00000000168e5000 	/System/Library/PrivateFrameworks/GPUCompiler.framework/libmetal_timestamp.dylib
0x00000000168e5000 	/System/Library/Frameworks/OpenGL.framework/Versions/A/Libraries/libCoreFSCache.dylib
0x00000000168e5000 	/System/Library/PrivateFrameworks/IOAccelerator.framework/Versions/A/IOAccelerator
0x00000000168e5000 	/System/Library/Frameworks/CoreVideo.framework/Versions/A/CoreVideo
0x00000000168e5000 	/usr/lib/libFosl_dynamic.dylib
0x00000000168e5000 	/System/Library/PrivateFrameworks/MetalPerformanceShaders.framework/Versions/A/MetalPerformanceShaders
0x00000000168e5000 	/System/Library/PrivateFrameworks/FaceCore.framework/Versions/A/FaceCore
0x00000000168e5000 	/System/Library/Frameworks/OpenCL.framework/Versions/A/OpenCL
0x00000000168e5000 	/System/Library/Frameworks/OpenGL.framework/Versions/A/Libraries/libGLU.dylib
0x00000000168e5000 	/System/Library/Frameworks/OpenGL.framework/Versions/A/Libraries/libGFXShared.dylib
0x00000000168e5000 	/System/Library/Frameworks/OpenGL.framework/Versions/A/Libraries/libGL.dylib
0x00000000168e5000 	/System/Library/Frameworks/OpenGL.framework/Versions/A/Libraries/libGLImage.dylib
0x00000000168e5000 	/System/Library/Frameworks/OpenGL.framework/Versions/A/Libraries/libCVMSPluginSupport.dylib
0x00000000168e5000 	/System/Library/Frameworks/OpenGL.framework/Versions/A/Libraries/libCoreVMClient.dylib
0x00000000168e5000 	/System/Library/PrivateFrameworks/CrashReporterSupport.framework/Versions/A/CrashReporterSupport
0x00000000168e5000 	/System/Library/PrivateFrameworks/Sharing.framework/Versions/A/Sharing
0x00000000168e5000 	/System/Library/PrivateFrameworks/IconServices.framework/Versions/A/IconServices
0x00000000168e5000 	/System/Library/PrivateFrameworks/ProtocolBuffer.framework/Versions/A/ProtocolBuffer
0x00000000168e5000 	/System/Library/PrivateFrameworks/Apple80211.framework/Versions/A/Apple80211
0x00000000168e5000 	/System/Library/Frameworks/CoreWLAN.framework/Versions/A/CoreWLAN
0x00000000168e5000 	/System/Library/PrivateFrameworks/CoreUtils.framework/Versions/A/CoreUtils
0x00000000168e5000 	/System/Library/Frameworks/IOBluetooth.framework/Versions/A/IOBluetooth
0x00000000168e5000 	/System/Library/PrivateFrameworks/CoreWiFi.framework/Versions/A/CoreWiFi
0x00000000168e5000 	/System/Library/Frameworks/CoreBluetooth.framework/Versions/A/CoreBluetooth
0x00000000168e5000 	/System/Library/Frameworks/CoreDisplay.framework/Versions/A/CoreDisplay
0x00000000168e5000 	/System/Library/PrivateFrameworks/IOPresentment.framework/Versions/A/IOPresentment
0x00000000168e5000 	/System/Library/PrivateFrameworks/DebugSymbols.framework/Versions/A/DebugSymbols
0x00000000168e5000 	/System/Library/PrivateFrameworks/CoreSymbolication.framework/Versions/A/CoreSymbolication
0x00000000168e5000 	/System/Library/PrivateFrameworks/Symbolication.framework/Versions/A/Symbolication
0x00000000168e5000 	/System/Library/PrivateFrameworks/AppleFSCompression.framework/Versions/A/AppleFSCompression
0x00000000168e5000 	/System/Library/PrivateFrameworks/SpeechRecognitionCore.framework/Versions/A/SpeechRecognitionCore
0x00000000168e5000 	/System/Library/PrivateFrameworks/ChunkingLibrary.framework/Versions/A/ChunkingLibrary
0x000000010a202000 	/System/Library/CoreServices/Encodings/libSimplifiedChineseConverter.dylib
0x000000010ac00000 	/Library/Java/JavaVirtualMachines/jdk1.8.0_121.jdk/Contents/Home/jre/lib/server/libjvm.dylib
0x00000000168e5000 	/usr/lib/libstdc++.6.dylib
0x000000010a246000 	/Library/Java/JavaVirtualMachines/jdk1.8.0_121.jdk/Contents/Home/jre/lib/libverify.dylib
0x000000010a254000 	/Library/Java/JavaVirtualMachines/jdk1.8.0_121.jdk/Contents/Home/jre/lib/libjava.dylib
0x000000010a293000 	/Library/Java/JavaVirtualMachines/jdk1.8.0_121.jdk/Contents/Home/jre/lib/libzip.dylib
0x000000010e3a4000 	/System/Library/Frameworks/JavaVM.framework/Frameworks/JavaRuntimeSupport.framework/JavaRuntimeSupport
0x000000010e3be000 	/System/Library/Frameworks/JavaVM.framework/Versions/A/Frameworks/JavaNativeFoundation.framework/Versions/A/JavaNativeFoundation
0x000000010e3d3000 	/System/Library/Frameworks/JavaVM.framework/Versions/A/JavaVM
0x00000000168e5000 	/System/Library/Frameworks/Carbon.framework/Versions/A/Carbon
0x000000010e3e0000 	/System/Library/PrivateFrameworks/JavaLaunching.framework/Versions/A/JavaLaunching
0x00000000168e5000 	/System/Library/Frameworks/Carbon.framework/Versions/A/Frameworks/CommonPanels.framework/Versions/A/CommonPanels
0x00000000168e5000 	/System/Library/Frameworks/Carbon.framework/Versions/A/Frameworks/Help.framework/Versions/A/Help
0x00000000168e5000 	/System/Library/Frameworks/Carbon.framework/Versions/A/Frameworks/ImageCapture.framework/Versions/A/ImageCapture
0x00000000168e5000 	/System/Library/Frameworks/Carbon.framework/Versions/A/Frameworks/OpenScripting.framework/Versions/A/OpenScripting
0x00000000168e5000 	/System/Library/Frameworks/Carbon.framework/Versions/A/Frameworks/Print.framework/Versions/A/Print
0x00000000168e5000 	/System/Library/Frameworks/Carbon.framework/Versions/A/Frameworks/SecurityHI.framework/Versions/A/SecurityHI
0x000000010fd18000 	/Library/Java/JavaVirtualMachines/jdk1.8.0_121.jdk/Contents/Home/jre/lib/libnet.dylib
0x000000010fd77000 	/Library/Java/JavaVirtualMachines/jdk1.8.0_121.jdk/Contents/Home/jre/lib/libnio.dylib
0x0000000110151000 	/Users/tong/.gradle/native/19/osx-amd64/libnative-platform.dylib
0x0000000110156000 	/Users/tong/.gradle/native/19/osx-amd64/libnative-platform-curses.dylib
0x00000000168e5000 	/usr/lib/libncurses.5.4.dylib
0x000000011015a000 	/private/var/folders/37/t0z9gkx97ssgsl6z27dgkdz00000gp/T/jna1010859534901669783.tmp
0x000000011016f000 	/Library/Java/JavaVirtualMachines/jdk1.8.0_121.jdk/Contents/Home/jre/lib/libmanagement.dylib

VM Arguments:
jvm_args: -Dorg.gradle.appname=gradlew 
java_command: org.gradle.wrapper.GradleWrapperMain installDebug
java_class_path (initial): /Users/tong/Desktop/xmsz/android/gradle/wrapper/gradle-wrapper.jar
Launcher Type: SUN_STANDARD

Environment Variables:
PATH=/Users/tong/.nvm/versions/node/v6.7.0/bin:/usr/local/bin:/usr/bin:/bin:/usr/sbin:/sbin:/Users/tong/Library/Android/sdk/platform-tools:/Users/tong/Library/Android/sdk/tools
SHELL=/bin/bash

Signal Handlers:
SIGSEGV: [libjvm.dylib+0x5b1141], sa_mask[0]=11111111011111110111111111111111, sa_flags=SA_ONSTACK|SA_RESTART|SA_SIGINFO
SIGBUS: [libjvm.dylib+0x5b1141], sa_mask[0]=11111111011111110111111111111111, sa_flags=SA_RESTART|SA_SIGINFO
SIGFPE: [libjvm.dylib+0x487bc4], sa_mask[0]=11111111011111110111111111111111, sa_flags=SA_RESTART|SA_SIGINFO
SIGPIPE: [libjvm.dylib+0x487bc4], sa_mask[0]=11111111011111110111111111111111, sa_flags=SA_RESTART|SA_SIGINFO
SIGXFSZ: [libjvm.dylib+0x487bc4], sa_mask[0]=11111111011111110111111111111111, sa_flags=SA_RESTART|SA_SIGINFO
SIGILL: [libjvm.dylib+0x487bc4], sa_mask[0]=11111111011111110111111111111111, sa_flags=SA_RESTART|SA_SIGINFO
SIGUSR1: SIG_DFL, sa_mask[0]=11111111011111110111111111111111, sa_flags=none
SIGUSR2: [libjvm.dylib+0x4876e2], sa_mask[0]=00000000000000000000000000000000, sa_flags=SA_RESTART|SA_SIGINFO
SIGHUP: [libjvm.dylib+0x485cb9], sa_mask[0]=11111111011111110111111111111111, sa_flags=SA_RESTART|SA_SIGINFO
SIGINT: [libjvm.dylib+0x485cb9], sa_mask[0]=11111111011111110111111111111111, sa_flags=SA_RESTART|SA_SIGINFO
SIGTERM: [libjvm.dylib+0x485cb9], sa_mask[0]=11111111011111110111111111111111, sa_flags=SA_RESTART|SA_SIGINFO
SIGQUIT: [libjvm.dylib+0x485cb9], sa_mask[0]=11111111011111110111111111111111, sa_flags=SA_RESTART|SA_SIGINFO


---------------  S Y S T E M  ---------------

OS:Bsduname:Darwin 16.3.0 Darwin Kernel Version 16.3.0: Thu Nov 17 20:23:58 PST 2016; root:xnu-3789.31.2~1/RELEASE_X86_64 x86_64
rlimit: STACK 8192k, CORE 0k, NPROC 709, NOFILE 10240, AS infinity
load average:3.87 4.04 4.77

CPU:total 4 (2 cores per cpu, 2 threads per core) family 6 model 58 stepping 9, cmov, cx8, fxsr, mmx, sse, sse2, sse3, ssse3, sse4.1, sse4.2, popcnt, avx, aes, clmul, erms, ht, tsc, tscinvbit, tscinv

Memory: 4k page, physical 8388608k(26076k free)

/proc/meminfo:


vm_info: Java HotSpot(TM) 64-Bit Server VM (25.121-b13) for bsd-amd64 JRE (1.8.0_121-b13), built on Dec 12 2016 20:39:32 by "java_re" with gcc 4.2.1 (Based on Apple Inc. build 5658) (LLVM build 2336.11.00)

time: Tue May  9 08:35:11 2017
elapsed time: 9 seconds (0d 0h 0m 9s)

