#
# A fatal error has been detected by the Java Runtime Environment:
#
#  SIGSEGV (0xb) at pc=0x00000001023a965d, pid=26699, tid=0x0000000000002703
#
# JRE version: Java(TM) SE Runtime Environment (8.0_121-b13) (build 1.8.0_121-b13)
# Java VM: Java HotSpot(TM) 64-Bit Server VM (25.121-b13 mixed mode bsd-amd64 compressed oops)
# Problematic frame:
# V  [libjvm.dylib+0x1a965d]  oopDesc::size()+0x2d
#
# Failed to write core dump. Core dumps have been disabled. To enable core dumping, try "ulimit -c unlimited" before starting Java again
#
# If you would like to submit a bug report, please visit:
#   http://bugreport.java.com/bugreport/crash.jsp
#

---------------  T H R E A D  ---------------

Current thread (0x00007fad21001800):  GCTaskThread [stack: 0x000070000352d000,0x000070000362d000] [id=9987]

siginfo: si_signo: 11 (SIGSEGV), si_code: 1 (SEGV_MAPERR), si_addr: 0x00000005c00806d0

Registers:
RAX=0x0000000102a3daa0, RBX=0x0000000000000001, RCX=0x0000000000000003, RDX=0x0000000000000001
RSP=0x000070000362cc70, RBP=0x000070000362cc70, RSI=0x00000007ac389850, RDI=0x00000005c00806c8
R8 =0x0000000102af10f0, R9 =0x000000078159c018, R10=0x000000078159e018, R11=0xffffffffd52123e0
R12=0x0000000102ae6e26, R13=0x000000078159c405, R14=0x00007fad228069c0, R15=0x00007fad22806a58
RIP=0x00000001023a965d, EFLAGS=0x0000000000010202, ERR=0x0000000000000004
  TRAPNO=0x000000000000000e

Top of Stack: (sp=0x000070000362cc70)
0x000070000362cc70:   000070000362cce0 00000001026c7481
0x000070000362cc80:   000000078131fbdc 00000007ac389850
0x000070000362cc90:   000000078131fbe0 00000007c005d1f0
0x000070000362cca0:   000000078159c018 0000000000000400
0x000070000362ccb0:   00000007815620d9 000000078159c405
0x000070000362ccc0:   0000000102ae6e26 000000078159c405
0x000070000362ccd0:   000000078159c404 00007fad22806a58
0x000070000362cce0:   000070000362cd00 00000001026c7997
0x000070000362ccf0:   00007fad228069c0 00007fad22806a20
0x000070000362cd00:   000070000362cd60 00000001026c692a
0x000070000362cd10:   000070000362cd78 0100000780688969
0x000070000362cd20:   000000078159c405 000070000362cd78
0x000070000362cd30:   0000000780688968 0000000000000001
0x000070000362cd40:   000070000362cd84 000070000362cd78
0x000070000362cd50:   00007fad21728050 00007fad228069c0
0x000070000362cd60:   000070000362cdb0 00000001026ca637
0x000070000362cd70:   0000000000000001 0000000780688969
0x000070000362cd80:   74551fe30362cdb0 00007fad21001800
0x000070000362cd90:   0000000000000000 0000000102814428
0x000070000362cda0:   00007fad21728050 0000000000000001
0x000070000362cdb0:   000070000362ce90 00000001024765d7
0x000070000362cdc0:   000070000362cdf0 00007fad20c04330
0x000070000362cdd0:   00007fad20c04360 00007fad20c04370
0x000070000362cde0:   00007fad20c04748 00000000000003d8
0x000070000362cdf0:   00007fad21001800 00007fad20c04750
0x000070000362ce00:   00007fad20c04790 00007fad20c047a0
0x000070000362ce10:   00007fad20c04878 00000000000000d8
0x000070000362ce20:   000070000362ce30 0000000000000000
0x000070000362ce30:   00007fad21001800 00007fad20c04750
0x000070000362ce40:   00007fad20c04790 00007fad20c047a0
0x000070000362ce50:   00007fad20c04878 00000000000000d8
0x000070000362ce60:   00007fad20c04990 00007fad21001800 

Instructions: (pc=0x00000001023a965d)
0x00000001023a963d:   84 d2 48 89 fe 74 15 48 8d 05 55 44 69 00 8a 48
0x00000001023a964d:   08 8b 7e 08 48 d3 e7 48 03 38 eb 04 48 8b 7e 08
0x00000001023a965d:   8b 47 08 85 c0 7e 09 a8 01 75 4e c1 f8 03 eb 47
0x00000001023a966d:   85 c0 7f 43 85 c0 79 41 84 d2 0f 94 c1 0f b6 c9 

Register to memory mapping:

RAX=0x0000000102a3daa0: _ZN8Universe13_narrow_klassE+0 in /Library/Java/JavaVirtualMachines/jdk1.8.0_121.jdk/Contents/Home/jre/lib/server/libjvm.dylib at 0x0000000102200000
RBX=0x0000000000000001 is an unknown value
RCX=0x0000000000000003 is an unknown value
RDX=0x0000000000000001 is an unknown value
RSP=0x000070000362cc70 is an unknown value
RBP=0x000070000362cc70 is an unknown value
RSI=0x00000007ac389850 is an oop

[error occurred during error reporting (printing register info), id 0xb]

Stack: [0x000070000352d000,0x000070000362d000],  sp=0x000070000362cc70,  free space=1023k
Native frames: (J=compiled Java code, j=interpreted, Vv=VM code, C=native code)
V  [libjvm.dylib+0x1a965d]  oopDesc::size()+0x2d
V  [libjvm.dylib+0x4c7481]  oopDesc* PSPromotionManager::copy_to_survivor_space<false>(oopDesc*)+0x35
V  [libjvm.dylib+0x4c7997]  PSPromotionManager::process_popped_location_depth(StarTask)+0x73
V  [libjvm.dylib+0x4c692a]  PSPromotionManager::drain_stacks_depth(bool)+0x8a
V  [libjvm.dylib+0x4ca637]  StealTask::do_it(GCTaskManager*, unsigned int)+0x9f
V  [libjvm.dylib+0x2765d7]  GCTaskThread::run()+0x1a1
V  [libjvm.dylib+0x48a5b2]  java_start(Thread*)+0xf6
C  [libsystem_pthread.dylib+0x3aab]  _pthread_body+0xb4
C  [libsystem_pthread.dylib+0x39f7]  _pthread_body+0x0
C  [libsystem_pthread.dylib+0x31fd]  thread_start+0xd


---------------  P R O C E S S  ---------------

Java Threads: ( => current thread )
  0x00007fad21842800 JavaThread "pool-1-thread-4" [_thread_blocked, id=21763, stack(0x000070000455d000,0x000070000465d000)]
  0x00007fad228be000 JavaThread "pool-1-thread-3" [_thread_blocked, id=21251, stack(0x000070000445a000,0x000070000455a000)]
  0x00007fad2283f800 JavaThread "pool-1-thread-2" [_thread_blocked, id=20739, stack(0x0000700004357000,0x0000700004457000)]
  0x00007fad21098800 JavaThread "pool-2-thread-1" [_thread_blocked, id=20227, stack(0x0000700004254000,0x0000700004354000)]
  0x00007fad220c1800 JavaThread "pool-1-thread-1" [_thread_blocked, id=19715, stack(0x0000700004151000,0x0000700004251000)]
  0x00007fad2184c800 JavaThread "Service Thread" daemon [_thread_blocked, id=18691, stack(0x0000700003f4b000,0x000070000404b000)]
  0x00007fad22829800 JavaThread "C1 CompilerThread2" daemon [_thread_blocked, id=18179, stack(0x0000700003e48000,0x0000700003f48000)]
  0x00007fad22030800 JavaThread "C2 CompilerThread1" daemon [_thread_in_native, id=17667, stack(0x0000700003d45000,0x0000700003e45000)]
  0x00007fad21000000 JavaThread "C2 CompilerThread0" daemon [_thread_in_native, id=17155, stack(0x0000700003c42000,0x0000700003d42000)]
  0x00007fad21841800 JavaThread "Signal Dispatcher" daemon [_thread_blocked, id=16643, stack(0x0000700003b3f000,0x0000700003c3f000)]
  0x00007fad2280a000 JavaThread "Finalizer" daemon [_thread_blocked, id=12547, stack(0x0000700003a3c000,0x0000700003b3c000)]
  0x00007fad2202a000 JavaThread "Reference Handler" daemon [_thread_blocked, id=12035, stack(0x0000700003939000,0x0000700003a39000)]
  0x00007fad21805000 JavaThread "main" [_thread_blocked, id=7171, stack(0x0000700003327000,0x0000700003427000)]

Other Threads:
  0x00007fad22807800 VMThread [stack: 0x0000700003836000,0x0000700003936000] [id=11523]
  0x00007fad2183c800 WatcherThread [stack: 0x000070000404e000,0x000070000414e000] [id=19203]

=>0x00007fad21001800 (exited) GCTaskThread [stack: 0x000070000352d000,0x000070000362d000] [id=9987]

VM state:at safepoint (normal execution)

VM Mutex/Monitor currently owned by a thread:  ([mutex/lock_event])
[0x00007fad20f020c0] Threads_lock - owner thread: 0x00007fad22807800
[0x00007fad20f025c0] Heap_lock - owner thread: 0x00007fad220c1800

Heap:
 PSYoungGen      total 71680K, used 71654K [0x00000007aab00000, 0x00000007af600000, 0x00000007c0000000)
  eden space 66560K, 100% used [0x00000007aab00000,0x00000007aec00000,0x00000007aec00000)
  from space 5120K, 99% used [0x00000007af100000,0x00000007af5f9b70,0x00000007af600000)
  to   space 5120K, 99% used [0x00000007aec00000,0x00000007af0fa770,0x00000007af100000)
 ParOldGen       total 87552K, used 26168K [0x0000000780000000, 0x0000000785580000, 0x00000007aab00000)
  object space 87552K, 29% used [0x0000000780000000,0x000000078198e018,0x0000000785580000)
 Metaspace       used 6211K, capacity 7000K, committed 7168K, reserved 1056768K
  class space    used 634K, capacity 656K, committed 768K, reserved 1048576K

Card table byte_map: [0x0000000103562000,0x0000000103763000] byte_map_base: 0x00000000ff962000

Marking Bits: (ParMarkBitMap*) 0x0000000102af0d30
 Begin Bits: [0x00000001038b9000, 0x00000001048b9000)
 End Bits:   [0x00000001048b9000, 0x00000001058b9000)

Polling page: 0x00000001019e9000

CodeCache: size=245760Kb used=5265Kb max_used=5265Kb free=240494Kb
 bounds [0x000000010c745000, 0x000000010cc75000, 0x000000011b745000]
 total_blobs=1551 nmethods=1283 adapters=182
 compilation: enabled

Compilation events (10 events):
Event: 7.101 Thread 0x00007fad22829800 nmethod 1704% 0x000000010cc5e550 code [0x000000010cc5e760, 0x000000010cc5f4a8]
Event: 7.101 Thread 0x00007fad22829800 1703       3       com.android.dx.ssa.PhiInsn::getSources (95 bytes)
Event: 7.102 Thread 0x00007fad22829800 nmethod 1703 0x000000010cc5f950 code [0x000000010cc5fbc0, 0x000000010cc60bd8]
Event: 7.102 Thread 0x00007fad22829800 1724       3       com.android.dx.ssa.SsaConverter::placePhiFunctions (394 bytes)
Event: 7.109 Thread 0x00007fad22829800 nmethod 1724 0x000000010cc61750 code [0x000000010cc61ce0, 0x000000010cc651e8]
Event: 7.109 Thread 0x00007fad22829800 1725       3       java.util.HashMap::getNode (148 bytes)
Event: 7.110 Thread 0x00007fad22829800 nmethod 1725 0x000000010cc68850 code [0x000000010cc68a60, 0x000000010cc696e8]
Event: 7.111 Thread 0x00007fad22829800 1712       3       com.android.dx.ssa.SCCP::run (298 bytes)
Event: 7.114 Thread 0x00007fad22829800 nmethod 1712 0x000000010cc69b90 code [0x000000010cc69f60, 0x000000010cc6bea8]
Event: 7.114 Thread 0x00007fad22829800 1709 %     3       com.android.dx.cf.code.Ropper::addExceptionSetupBlocks @ 8 (203 bytes)

GC Heap History (9 events):
Event: 3.011 GC heap before
{Heap before GC invocations=1 (full 0):
 PSYoungGen      total 38400K, used 33280K [0x00000007aab00000, 0x00000007ad580000, 0x00000007c0000000)
  eden space 33280K, 100% used [0x00000007aab00000,0x00000007acb80000,0x00000007acb80000)
  from space 5120K, 0% used [0x00000007ad080000,0x00000007ad080000,0x00000007ad580000)
  to   space 5120K, 0% used [0x00000007acb80000,0x00000007acb80000,0x00000007ad080000)
 ParOldGen       total 87552K, used 0K [0x0000000780000000, 0x0000000785580000, 0x00000007aab00000)
  object space 87552K, 0% used [0x0000000780000000,0x0000000780000000,0x0000000785580000)
 Metaspace       used 5917K, capacity 6808K, committed 7168K, reserved 1056768K
  class space    used 614K, capacity 656K, committed 768K, reserved 1048576K
Event: 3.036 GC heap after
Heap after GC invocations=1 (full 0):
 PSYoungGen      total 38400K, used 5098K [0x00000007aab00000, 0x00000007ad580000, 0x00000007c0000000)
  eden space 33280K, 0% used [0x00000007aab00000,0x00000007aab00000,0x00000007acb80000)
  from space 5120K, 99% used [0x00000007acb80000,0x00000007ad07aaa0,0x00000007ad080000)
  to   space 5120K, 0% used [0x00000007ad080000,0x00000007ad080000,0x00000007ad580000)
 ParOldGen       total 87552K, used 2218K [0x0000000780000000, 0x0000000785580000, 0x00000007aab00000)
  object space 87552K, 2% used [0x0000000780000000,0x000000078022a8d0,0x0000000785580000)
 Metaspace       used 5917K, capacity 6808K, committed 7168K, reserved 1056768K
  class space    used 614K, capacity 656K, committed 768K, reserved 1048576K
}
Event: 4.101 GC heap before
{Heap before GC invocations=2 (full 0):
 PSYoungGen      total 38400K, used 38378K [0x00000007aab00000, 0x00000007ad580000, 0x00000007c0000000)
  eden space 33280K, 100% used [0x00000007aab00000,0x00000007acb80000,0x00000007acb80000)
  from space 5120K, 99% used [0x00000007acb80000,0x00000007ad07aaa0,0x00000007ad080000)
  to   space 5120K, 0% used [0x00000007ad080000,0x00000007ad080000,0x00000007ad580000)
 ParOldGen       total 87552K, used 2218K [0x0000000780000000, 0x0000000785580000, 0x00000007aab00000)
  object space 87552K, 2% used [0x0000000780000000,0x000000078022a8d0,0x0000000785580000)
 Metaspace       used 6033K, capacity 6872K, committed 7168K, reserved 1056768K
  class space    used 633K, capacity 656K, committed 768K, reserved 1048576K
Event: 4.121 GC heap after
Heap after GC invocations=2 (full 0):
 PSYoungGen      total 38400K, used 5113K [0x00000007aab00000, 0x00000007af600000, 0x00000007c0000000)
  eden space 33280K, 0% used [0x00000007aab00000,0x00000007aab00000,0x00000007acb80000)
  from space 5120K, 99% used [0x00000007ad080000,0x00000007ad57e5d8,0x00000007ad580000)
  to   space 5120K, 0% used [0x00000007acb80000,0x00000007acb80000,0x00000007ad080000)
 ParOldGen       total 87552K, used 6585K [0x0000000780000000, 0x0000000785580000, 0x00000007aab00000)
  object space 87552K, 7% used [0x0000000780000000,0x000000078066e4a0,0x0000000785580000)
 Metaspace       used 6033K, capacity 6872K, committed 7168K, reserved 1056768K
  class space    used 633K, capacity 656K, committed 768K, reserved 1048576K
}
Event: 4.840 GC heap before
{Heap before GC invocations=3 (full 0):
 PSYoungGen      total 38400K, used 38393K [0x00000007aab00000, 0x00000007af600000, 0x00000007c0000000)
  eden space 33280K, 100% used [0x00000007aab00000,0x00000007acb80000,0x00000007acb80000)
  from space 5120K, 99% used [0x00000007ad080000,0x00000007ad57e5d8,0x00000007ad580000)
  to   space 5120K, 0% used [0x00000007acb80000,0x00000007acb80000,0x00000007ad080000)
 ParOldGen       total 87552K, used 6585K [0x0000000780000000, 0x0000000785580000, 0x00000007aab00000)
  object space 87552K, 7% used [0x0000000780000000,0x000000078066e4a0,0x0000000785580000)
 Metaspace       used 6091K, capacity 6872K, committed 7168K, reserved 1056768K
  class space    used 634K, capacity 656K, committed 768K, reserved 1048576K
Event: 4.870 GC heap after
Heap after GC invocations=3 (full 0):
 PSYoungGen      total 38400K, used 5112K [0x00000007aab00000, 0x00000007af600000, 0x00000007c0000000)
  eden space 33280K, 0% used [0x00000007aab00000,0x00000007aab00000,0x00000007acb80000)
  from space 5120K, 99% used [0x00000007acb80000,0x00000007ad07e130,0x00000007ad080000)
  to   space 5120K, 0% used [0x00000007af100000,0x00000007af100000,0x00000007af600000)
 ParOldGen       total 87552K, used 11485K [0x0000000780000000, 0x0000000785580000, 0x00000007aab00000)
  object space 87552K, 13% used [0x0000000780000000,0x0000000780b376c8,0x0000000785580000)
 Metaspace       used 6091K, capacity 6872K, committed 7168K, reserved 1056768K
  class space    used 634K, capacity 656K, committed 768K, reserved 1048576K
}
Event: 5.557 GC heap before
{Heap before GC invocations=4 (full 0):
 PSYoungGen      total 38400K, used 38392K [0x00000007aab00000, 0x00000007af600000, 0x00000007c0000000)
  eden space 33280K, 100% used [0x00000007aab00000,0x00000007acb80000,0x00000007acb80000)
  from space 5120K, 99% used [0x00000007acb80000,0x00000007ad07e130,0x00000007ad080000)
  to   space 5120K, 0% used [0x00000007af100000,0x00000007af100000,0x00000007af600000)
 ParOldGen       total 87552K, used 11485K [0x0000000780000000, 0x0000000785580000, 0x00000007aab00000)
  object space 87552K, 13% used [0x0000000780000000,0x0000000780b376c8,0x0000000785580000)
 Metaspace       used 6145K, capacity 6936K, committed 7168K, reserved 1056768K
  class space    used 634K, capacity 656K, committed 768K, reserved 1048576K
Event: 5.601 GC heap after
Heap after GC invocations=4 (full 0):
 PSYoungGen      total 71680K, used 5094K [0x00000007aab00000, 0x00000007af600000, 0x00000007c0000000)
  eden space 66560K, 0% used [0x00000007aab00000,0x00000007aab00000,0x00000007aec00000)
  from space 5120K, 99% used [0x00000007af100000,0x00000007af5f9b70,0x00000007af600000)
  to   space 5120K, 0% used [0x00000007aec00000,0x00000007aec00000,0x00000007af100000)
 ParOldGen       total 87552K, used 15931K [0x0000000780000000, 0x0000000785580000, 0x00000007aab00000)
  object space 87552K, 18% used [0x0000000780000000,0x0000000780f8ed18,0x0000000785580000)
 Metaspace       used 6145K, capacity 6936K, committed 7168K, reserved 1056768K
  class space    used 634K, capacity 656K, committed 768K, reserved 1048576K
}
Event: 7.183 GC heap before
{Heap before GC invocations=5 (full 0):
 PSYoungGen      total 71680K, used 71654K [0x00000007aab00000, 0x00000007af600000, 0x00000007c0000000)
  eden space 66560K, 100% used [0x00000007aab00000,0x00000007aec00000,0x00000007aec00000)
  from space 5120K, 99% used [0x00000007af100000,0x00000007af5f9b70,0x00000007af600000)
  to   space 5120K, 0% used [0x00000007aec00000,0x00000007aec00000,0x00000007af100000)
 ParOldGen       total 87552K, used 15931K [0x0000000780000000, 0x0000000785580000, 0x00000007aab00000)
  object space 87552K, 18% used [0x0000000780000000,0x0000000780f8ed18,0x0000000785580000)
 Metaspace       used 6211K, capacity 7000K, committed 7168K, reserved 1056768K
  class space    used 634K, capacity 656K, committed 768K, reserved 1048576K

Deoptimization events (10 events):
Event: 2.772 Thread 0x00007fad220c1800 Uncommon trap: reason=unstable_if action=reinterpret pc=0x000000010c99c618 method=com.android.dx.rop.code.RegisterSpec.equals(ILcom/android/dx/rop/type/TypeBearer;Lcom/android/dx/rop/code/LocalItem;)Z @ 42
Event: 3.040 Thread 0x00007fad220c1800 Uncommon trap: reason=bimorphic action=maybe_recompile pc=0x000000010c99eac8 method=java.util.HashMap.getNode(ILjava/lang/Object;)Ljava/util/HashMap$Node; @ 126
Event: 3.040 Thread 0x00007fad220c1800 Uncommon trap: reason=bimorphic action=maybe_recompile pc=0x000000010c99eac8 method=java.util.HashMap.getNode(ILjava/lang/Object;)Ljava/util/HashMap$Node; @ 126
Event: 3.040 Thread 0x00007fad220c1800 Uncommon trap: reason=bimorphic action=maybe_recompile pc=0x000000010c99eac8 method=java.util.HashMap.getNode(ILjava/lang/Object;)Ljava/util/HashMap$Node; @ 126
Event: 3.040 Thread 0x00007fad220c1800 Uncommon trap: reason=bimorphic action=maybe_recompile pc=0x000000010c99eac8 method=java.util.HashMap.getNode(ILjava/lang/Object;)Ljava/util/HashMap$Node; @ 126
Event: 3.626 Thread 0x00007fad21805000 Uncommon trap: reason=unstable_if action=reinterpret pc=0x000000010c986fb8 method=java.util.HashMap.putVal(ILjava/lang/Object;Ljava/lang/Object;ZZ)Ljava/lang/Object; @ 162
Event: 3.723 Thread 0x00007fad21805000 Uncommon trap: reason=null_check action=make_not_entrant pc=0x000000010ca30768 method=com.android.dx.ssa.SsaRenamer.getLocalForNewReg(I)Lcom/android/dx/rop/code/LocalItem; @ 19
Event: 3.988 Thread 0x00007fad228be000 Uncommon trap: reason=unstable_if action=reinterpret pc=0x000000010ca5f684 method=java.util.HashMap.getNode(ILjava/lang/Object;)Ljava/util/HashMap$Node; @ 84
Event: 4.092 Thread 0x00007fad21805000 Uncommon trap: reason=null_check action=make_not_entrant pc=0x000000010ca04c2c method=com.android.dx.ssa.SsaRenamer.getLocalForNewReg(I)Lcom/android/dx/rop/code/LocalItem; @ 19
Event: 4.398 Thread 0x00007fad21842800 Uncommon trap: reason=unstable_if action=reinterpret pc=0x000000010cb0470c method=java.util.HashMap.getNode(ILjava/lang/Object;)Ljava/util/HashMap$Node; @ 84

Internal exceptions (7 events):
Event: 0.063 Thread 0x00007fad21805000 Exception <a 'java/lang/NoSuchMethodError': Method sun.misc.Unsafe.defineClass(Ljava/lang/String;[BII)Ljava/lang/Class; name or signature does not match> (0x00000007aab07ca8) thrown at [/Users/java_re/workspace/8-2-build-macosx-x86_64/jdk8u121/8372/hotspo
Event: 0.063 Thread 0x00007fad21805000 Exception <a 'java/lang/NoSuchMethodError': Method sun.misc.Unsafe.prefetchRead(Ljava/lang/Object;J)V name or signature does not match> (0x00000007aab07f90) thrown at [/Users/java_re/workspace/8-2-build-macosx-x86_64/jdk8u121/8372/hotspot/src/share/vm/pri
Event: 3.690 Thread 0x00007fad21805000 Exception <a 'java/lang/ArrayIndexOutOfBoundsException': 18> (0x00000007abdae7c0) thrown at [/Users/java_re/workspace/8-2-build-macosx-x86_64/jdk8u121/8372/hotspot/src/share/vm/interpreter/interpreterRuntime.cpp, line 366]
Event: 3.691 Thread 0x00007fad21805000 Exception <a 'java/lang/ArrayIndexOutOfBoundsException': 145> (0x00000007abdb0370) thrown at [/Users/java_re/workspace/8-2-build-macosx-x86_64/jdk8u121/8372/hotspot/src/share/vm/interpreter/interpreterRuntime.cpp, line 366]
Event: 3.693 Thread 0x00007fad21805000 Exception <a 'java/lang/ArrayIndexOutOfBoundsException': 40> (0x00000007abdb1658) thrown at [/Users/java_re/workspace/8-2-build-macosx-x86_64/jdk8u121/8372/hotspot/src/share/vm/interpreter/interpreterRuntime.cpp, line 366]
Event: 3.723 Thread 0x00007fad21805000 Implicit null exception at 0x000000010ca2ee1b to 0x000000010ca3071d
Event: 4.090 Thread 0x00007fad21805000 Implicit null exception at 0x000000010ca02af7 to 0x000000010ca04c09

Events (10 events):
Event: 6.265 Thread 0x00007fad2283f800 DEOPT UNPACKING pc=0x000000010c78c633 sp=0x0000700004455f40 mode 0
Event: 6.372 Thread 0x00007fad21805000 DEOPT PACKING pc=0x000000010cb6aa03 sp=0x0000700003425910
Event: 6.372 Thread 0x00007fad21805000 DEOPT UNPACKING pc=0x000000010c78c633 sp=0x00007000034256f8 mode 0
Event: 6.467 Thread 0x00007fad21842800 DEOPT PACKING pc=0x000000010cb2c763 sp=0x000070000465c1d0
Event: 6.467 Thread 0x00007fad21842800 DEOPT UNPACKING pc=0x000000010c78c633 sp=0x000070000465bf10 mode 0
Event: 7.013 Thread 0x00007fad21842800 DEOPT PACKING pc=0x000000010cb9a915 sp=0x000070000465c110
Event: 7.013 Thread 0x00007fad21842800 DEOPT UNPACKING pc=0x000000010c78c633 sp=0x000070000465bec8 mode 0
Event: 7.068 Thread 0x00007fad228be000 DEOPT PACKING pc=0x000000010cbac0cf sp=0x0000700004559030
Event: 7.068 Thread 0x00007fad228be000 DEOPT UNPACKING pc=0x000000010c78c633 sp=0x0000700004558e98 mode 0
Event: 7.182 Executing VM operation: ParallelGCFailedAllocation


Dynamic libraries:
0x0000000051432000 	/System/Library/Frameworks/Cocoa.framework/Versions/A/Cocoa
0x0000000051432000 	/System/Library/Frameworks/Security.framework/Versions/A/Security
0x0000000051432000 	/System/Library/Frameworks/ApplicationServices.framework/Versions/A/ApplicationServices
0x0000000051432000 	/usr/lib/libz.1.dylib
0x0000000051432000 	/usr/lib/libSystem.B.dylib
0x0000000051432000 	/usr/lib/libobjc.A.dylib
0x0000000051432000 	/System/Library/Frameworks/CoreFoundation.framework/Versions/A/CoreFoundation
0x0000000051432000 	/System/Library/Frameworks/Foundation.framework/Versions/C/Foundation
0x0000000051432000 	/System/Library/Frameworks/AppKit.framework/Versions/C/AppKit
0x0000000051432000 	/System/Library/Frameworks/CoreData.framework/Versions/A/CoreData
0x0000000051432000 	/System/Library/PrivateFrameworks/RemoteViewServices.framework/Versions/A/RemoteViewServices
0x0000000051432000 	/System/Library/PrivateFrameworks/UIFoundation.framework/Versions/A/UIFoundation
0x0000000051432000 	/System/Library/PrivateFrameworks/DFRFoundation.framework/Versions/A/DFRFoundation
0x0000000051432000 	/usr/lib/libenergytrace.dylib
0x0000000051432000 	/System/Library/PrivateFrameworks/SkyLight.framework/Versions/A/SkyLight
0x0000000051432000 	/System/Library/Frameworks/CoreGraphics.framework/Versions/A/CoreGraphics
0x0000000051432000 	/usr/lib/libScreenReader.dylib
0x0000000051432000 	/System/Library/Frameworks/Accelerate.framework/Versions/A/Accelerate
0x0000000051432000 	/System/Library/Frameworks/IOSurface.framework/Versions/A/IOSurface
0x0000000051432000 	/System/Library/Frameworks/AudioToolbox.framework/Versions/A/AudioToolbox
0x0000000051432000 	/System/Library/Frameworks/AudioUnit.framework/Versions/A/AudioUnit
0x0000000051432000 	/System/Library/PrivateFrameworks/DataDetectorsCore.framework/Versions/A/DataDetectorsCore
0x0000000051432000 	/System/Library/PrivateFrameworks/DesktopServicesPriv.framework/Versions/A/DesktopServicesPriv
0x0000000051432000 	/System/Library/Frameworks/Carbon.framework/Versions/A/Frameworks/HIToolbox.framework/Versions/A/HIToolbox
0x0000000051432000 	/usr/lib/libicucore.A.dylib
0x0000000051432000 	/System/Library/Frameworks/QuartzCore.framework/Versions/A/QuartzCore
0x0000000051432000 	/System/Library/Frameworks/Carbon.framework/Versions/A/Frameworks/SpeechRecognition.framework/Versions/A/SpeechRecognition
0x0000000051432000 	/usr/lib/libauto.dylib
0x0000000051432000 	/usr/lib/libxml2.2.dylib
0x0000000051432000 	/System/Library/PrivateFrameworks/CoreUI.framework/Versions/A/CoreUI
0x0000000051432000 	/System/Library/Frameworks/CoreAudio.framework/Versions/A/CoreAudio
0x0000000051432000 	/System/Library/Frameworks/DiskArbitration.framework/Versions/A/DiskArbitration
0x0000000051432000 	/usr/lib/liblangid.dylib
0x0000000051432000 	/System/Library/PrivateFrameworks/MultitouchSupport.framework/Versions/A/MultitouchSupport
0x0000000051432000 	/System/Library/Frameworks/IOKit.framework/Versions/A/IOKit
0x0000000051432000 	/usr/lib/libDiagnosticMessagesClient.dylib
0x0000000051432000 	/System/Library/Frameworks/CoreServices.framework/Versions/A/CoreServices
0x0000000051432000 	/System/Library/PrivateFrameworks/PerformanceAnalysis.framework/Versions/A/PerformanceAnalysis
0x0000000051432000 	/System/Library/PrivateFrameworks/GenerationalStorage.framework/Versions/A/GenerationalStorage
0x0000000051432000 	/System/Library/Frameworks/OpenGL.framework/Versions/A/OpenGL
0x0000000051432000 	/System/Library/Frameworks/CoreImage.framework/Versions/A/CoreImage
0x0000000051432000 	/System/Library/Frameworks/CoreText.framework/Versions/A/CoreText
0x0000000051432000 	/System/Library/Frameworks/ImageIO.framework/Versions/A/ImageIO
0x0000000051432000 	/System/Library/PrivateFrameworks/Backup.framework/Versions/A/Backup
0x0000000051432000 	/usr/lib/libarchive.2.dylib
0x0000000051432000 	/System/Library/Frameworks/CFNetwork.framework/Versions/A/CFNetwork
0x0000000051432000 	/System/Library/Frameworks/SystemConfiguration.framework/Versions/A/SystemConfiguration
0x0000000051432000 	/usr/lib/libCRFSuite.dylib
0x0000000051432000 	/usr/lib/libc++.1.dylib
0x0000000051432000 	/usr/lib/libc++abi.dylib
0x0000000051432000 	/usr/lib/system/libcache.dylib
0x0000000051432000 	/usr/lib/system/libcommonCrypto.dylib
0x0000000051432000 	/usr/lib/system/libcompiler_rt.dylib
0x0000000051432000 	/usr/lib/system/libcopyfile.dylib
0x0000000051432000 	/usr/lib/system/libcorecrypto.dylib
0x0000000051432000 	/usr/lib/system/libdispatch.dylib
0x0000000051432000 	/usr/lib/system/libdyld.dylib
0x0000000051432000 	/usr/lib/system/libkeymgr.dylib
0x0000000051432000 	/usr/lib/system/liblaunch.dylib
0x0000000051432000 	/usr/lib/system/libmacho.dylib
0x0000000051432000 	/usr/lib/system/libquarantine.dylib
0x0000000051432000 	/usr/lib/system/libremovefile.dylib
0x0000000051432000 	/usr/lib/system/libsystem_asl.dylib
0x0000000051432000 	/usr/lib/system/libsystem_blocks.dylib
0x0000000051432000 	/usr/lib/system/libsystem_c.dylib
0x0000000051432000 	/usr/lib/system/libsystem_configuration.dylib
0x0000000051432000 	/usr/lib/system/libsystem_coreservices.dylib
0x0000000051432000 	/usr/lib/system/libsystem_coretls.dylib
0x0000000051432000 	/usr/lib/system/libsystem_dnssd.dylib
0x0000000051432000 	/usr/lib/system/libsystem_info.dylib
0x0000000051432000 	/usr/lib/system/libsystem_kernel.dylib
0x0000000051432000 	/usr/lib/system/libsystem_m.dylib
0x0000000051432000 	/usr/lib/system/libsystem_malloc.dylib
0x0000000051432000 	/usr/lib/system/libsystem_network.dylib
0x0000000051432000 	/usr/lib/system/libsystem_networkextension.dylib
0x0000000051432000 	/usr/lib/system/libsystem_notify.dylib
0x0000000051432000 	/usr/lib/system/libsystem_platform.dylib
0x0000000051432000 	/usr/lib/system/libsystem_pthread.dylib
0x0000000051432000 	/usr/lib/system/libsystem_sandbox.dylib
0x0000000051432000 	/usr/lib/system/libsystem_secinit.dylib
0x0000000051432000 	/usr/lib/system/libsystem_symptoms.dylib
0x0000000051432000 	/usr/lib/system/libsystem_trace.dylib
0x0000000051432000 	/usr/lib/system/libunwind.dylib
0x0000000051432000 	/usr/lib/system/libxpc.dylib
0x0000000051432000 	/usr/lib/libbsm.0.dylib
0x0000000051432000 	/usr/lib/system/libkxld.dylib
0x0000000051432000 	/usr/lib/libcoretls.dylib
0x0000000051432000 	/usr/lib/libcoretls_cfhelpers.dylib
0x0000000051432000 	/usr/lib/libxar.1.dylib
0x0000000051432000 	/usr/lib/libsqlite3.dylib
0x0000000051432000 	/usr/lib/libpam.2.dylib
0x0000000051432000 	/usr/lib/libOpenScriptingUtil.dylib
0x0000000051432000 	/usr/lib/libbz2.1.0.dylib
0x0000000051432000 	/usr/lib/liblzma.5.dylib
0x0000000051432000 	/usr/lib/libnetwork.dylib
0x0000000051432000 	/usr/lib/libpcap.A.dylib
0x0000000051432000 	/System/Library/Frameworks/CoreServices.framework/Versions/A/Frameworks/FSEvents.framework/Versions/A/FSEvents
0x0000000051432000 	/System/Library/Frameworks/CoreServices.framework/Versions/A/Frameworks/CarbonCore.framework/Versions/A/CarbonCore
0x0000000051432000 	/System/Library/Frameworks/CoreServices.framework/Versions/A/Frameworks/Metadata.framework/Versions/A/Metadata
0x0000000051432000 	/System/Library/Frameworks/CoreServices.framework/Versions/A/Frameworks/OSServices.framework/Versions/A/OSServices
0x0000000051432000 	/System/Library/Frameworks/CoreServices.framework/Versions/A/Frameworks/SearchKit.framework/Versions/A/SearchKit
0x0000000051432000 	/System/Library/Frameworks/CoreServices.framework/Versions/A/Frameworks/AE.framework/Versions/A/AE
0x0000000051432000 	/System/Library/Frameworks/CoreServices.framework/Versions/A/Frameworks/LaunchServices.framework/Versions/A/LaunchServices
0x0000000051432000 	/System/Library/Frameworks/CoreServices.framework/Versions/A/Frameworks/DictionaryServices.framework/Versions/A/DictionaryServices
0x0000000051432000 	/System/Library/Frameworks/CoreServices.framework/Versions/A/Frameworks/SharedFileList.framework/Versions/A/SharedFileList
0x0000000051432000 	/System/Library/Frameworks/NetFS.framework/Versions/A/NetFS
0x0000000051432000 	/System/Library/PrivateFrameworks/NetAuth.framework/Versions/A/NetAuth
0x0000000051432000 	/System/Library/PrivateFrameworks/login.framework/Versions/A/Frameworks/loginsupport.framework/Versions/A/loginsupport
0x0000000051432000 	/System/Library/PrivateFrameworks/TCC.framework/Versions/A/TCC
0x0000000051432000 	/usr/lib/libmecabra.dylib
0x0000000051432000 	/System/Library/Frameworks/ApplicationServices.framework/Versions/A/Frameworks/ATS.framework/Versions/A/ATS
0x0000000051432000 	/System/Library/Frameworks/ApplicationServices.framework/Versions/A/Frameworks/ColorSync.framework/Versions/A/ColorSync
0x0000000051432000 	/System/Library/Frameworks/ApplicationServices.framework/Versions/A/Frameworks/HIServices.framework/Versions/A/HIServices
0x0000000051432000 	/System/Library/Frameworks/ApplicationServices.framework/Versions/A/Frameworks/LangAnalysis.framework/Versions/A/LangAnalysis
0x0000000051432000 	/System/Library/Frameworks/ApplicationServices.framework/Versions/A/Frameworks/PrintCore.framework/Versions/A/PrintCore
0x0000000051432000 	/System/Library/Frameworks/ApplicationServices.framework/Versions/A/Frameworks/QD.framework/Versions/A/QD
0x0000000051432000 	/System/Library/Frameworks/ApplicationServices.framework/Versions/A/Frameworks/SpeechSynthesis.framework/Versions/A/SpeechSynthesis
0x0000000051432000 	/System/Library/Frameworks/Accelerate.framework/Versions/A/Frameworks/vImage.framework/Versions/A/vImage
0x0000000051432000 	/System/Library/Frameworks/Accelerate.framework/Versions/A/Frameworks/vecLib.framework/Versions/A/vecLib
0x0000000051432000 	/System/Library/Frameworks/Accelerate.framework/Versions/A/Frameworks/vecLib.framework/Versions/A/libvDSP.dylib
0x0000000051432000 	/System/Library/Frameworks/Accelerate.framework/Versions/A/Frameworks/vecLib.framework/Versions/A/libBNNS.dylib
0x0000000051432000 	/System/Library/Frameworks/Accelerate.framework/Versions/A/Frameworks/vecLib.framework/Versions/A/libQuadrature.dylib
0x0000000051432000 	/System/Library/Frameworks/Accelerate.framework/Versions/A/Frameworks/vecLib.framework/Versions/A/libvMisc.dylib
0x0000000051432000 	/System/Library/Frameworks/Accelerate.framework/Versions/A/Frameworks/vecLib.framework/Versions/A/libLAPACK.dylib
0x0000000051432000 	/System/Library/Frameworks/Accelerate.framework/Versions/A/Frameworks/vecLib.framework/Versions/A/libBLAS.dylib
0x0000000051432000 	/System/Library/Frameworks/Accelerate.framework/Versions/A/Frameworks/vecLib.framework/Versions/A/libLinearAlgebra.dylib
0x0000000051432000 	/System/Library/Frameworks/Accelerate.framework/Versions/A/Frameworks/vecLib.framework/Versions/A/libSparseBLAS.dylib
0x0000000051432000 	/System/Library/Frameworks/ApplicationServices.framework/Versions/A/Frameworks/ATS.framework/Versions/A/Resources/libFontParser.dylib
0x0000000051432000 	/System/Library/Frameworks/ApplicationServices.framework/Versions/A/Frameworks/ATS.framework/Versions/A/Resources/libFontRegistry.dylib
0x0000000051432000 	/System/Library/Frameworks/ImageIO.framework/Versions/A/Resources/libJPEG.dylib
0x0000000051432000 	/System/Library/Frameworks/ImageIO.framework/Versions/A/Resources/libTIFF.dylib
0x0000000051432000 	/System/Library/Frameworks/ImageIO.framework/Versions/A/Resources/libPng.dylib
0x0000000051432000 	/System/Library/Frameworks/ImageIO.framework/Versions/A/Resources/libGIF.dylib
0x0000000051432000 	/System/Library/Frameworks/ImageIO.framework/Versions/A/Resources/libJP2.dylib
0x0000000051432000 	/System/Library/Frameworks/ImageIO.framework/Versions/A/Resources/libRadiance.dylib
0x0000000051432000 	/usr/lib/libcompression.dylib
0x0000000051432000 	/System/Library/PrivateFrameworks/AppleJPEG.framework/Versions/A/AppleJPEG
0x0000000051432000 	/usr/lib/libcups.2.dylib
0x0000000051432000 	/System/Library/Frameworks/Kerberos.framework/Versions/A/Kerberos
0x0000000051432000 	/System/Library/Frameworks/GSS.framework/Versions/A/GSS
0x0000000051432000 	/usr/lib/libresolv.9.dylib
0x0000000051432000 	/usr/lib/libiconv.2.dylib
0x0000000051432000 	/System/Library/PrivateFrameworks/Heimdal.framework/Versions/A/Heimdal
0x0000000051432000 	/usr/lib/libheimdal-asn1.dylib
0x0000000051432000 	/System/Library/Frameworks/OpenDirectory.framework/Versions/A/OpenDirectory
0x0000000051432000 	/System/Library/PrivateFrameworks/CommonAuth.framework/Versions/A/CommonAuth
0x0000000051432000 	/System/Library/Frameworks/OpenDirectory.framework/Versions/A/Frameworks/CFOpenDirectory.framework/Versions/A/CFOpenDirectory
0x0000000051432000 	/System/Library/Frameworks/SecurityFoundation.framework/Versions/A/SecurityFoundation
0x0000000051432000 	/System/Library/PrivateFrameworks/LanguageModeling.framework/Versions/A/LanguageModeling
0x0000000051432000 	/usr/lib/libmarisa.dylib
0x0000000051432000 	/usr/lib/libChineseTokenizer.dylib
0x0000000051432000 	/usr/lib/libcmph.dylib
0x0000000051432000 	/System/Library/PrivateFrameworks/CoreEmoji.framework/Versions/A/CoreEmoji
0x0000000051432000 	/System/Library/Frameworks/ServiceManagement.framework/Versions/A/ServiceManagement
0x0000000051432000 	/usr/lib/libxslt.1.dylib
0x0000000051432000 	/System/Library/Frameworks/Carbon.framework/Versions/A/Frameworks/Ink.framework/Versions/A/Ink
0x0000000051432000 	/System/Library/PrivateFrameworks/TextureIO.framework/Versions/A/TextureIO
0x0000000051432000 	/System/Library/Frameworks/Metal.framework/Versions/A/Metal
0x0000000051432000 	/usr/lib/libate.dylib
0x0000000051432000 	/System/Library/PrivateFrameworks/GPUCompiler.framework/libmetal_timestamp.dylib
0x0000000051432000 	/System/Library/Frameworks/OpenGL.framework/Versions/A/Libraries/libCoreFSCache.dylib
0x0000000051432000 	/System/Library/PrivateFrameworks/IOAccelerator.framework/Versions/A/IOAccelerator
0x0000000051432000 	/System/Library/Frameworks/CoreVideo.framework/Versions/A/CoreVideo
0x0000000051432000 	/usr/lib/libFosl_dynamic.dylib
0x0000000051432000 	/System/Library/PrivateFrameworks/MetalPerformanceShaders.framework/Versions/A/MetalPerformanceShaders
0x0000000051432000 	/System/Library/PrivateFrameworks/FaceCore.framework/Versions/A/FaceCore
0x0000000051432000 	/System/Library/Frameworks/OpenCL.framework/Versions/A/OpenCL
0x0000000051432000 	/System/Library/Frameworks/OpenGL.framework/Versions/A/Libraries/libGLU.dylib
0x0000000051432000 	/System/Library/Frameworks/OpenGL.framework/Versions/A/Libraries/libGFXShared.dylib
0x0000000051432000 	/System/Library/Frameworks/OpenGL.framework/Versions/A/Libraries/libGL.dylib
0x0000000051432000 	/System/Library/Frameworks/OpenGL.framework/Versions/A/Libraries/libGLImage.dylib
0x0000000051432000 	/System/Library/Frameworks/OpenGL.framework/Versions/A/Libraries/libCVMSPluginSupport.dylib
0x0000000051432000 	/System/Library/Frameworks/OpenGL.framework/Versions/A/Libraries/libCoreVMClient.dylib
0x0000000051432000 	/System/Library/PrivateFrameworks/CrashReporterSupport.framework/Versions/A/CrashReporterSupport
0x0000000051432000 	/System/Library/PrivateFrameworks/Sharing.framework/Versions/A/Sharing
0x0000000051432000 	/System/Library/PrivateFrameworks/IconServices.framework/Versions/A/IconServices
0x0000000051432000 	/System/Library/PrivateFrameworks/ProtocolBuffer.framework/Versions/A/ProtocolBuffer
0x0000000051432000 	/System/Library/PrivateFrameworks/Apple80211.framework/Versions/A/Apple80211
0x0000000051432000 	/System/Library/Frameworks/CoreWLAN.framework/Versions/A/CoreWLAN
0x0000000051432000 	/System/Library/PrivateFrameworks/CoreUtils.framework/Versions/A/CoreUtils
0x0000000051432000 	/System/Library/Frameworks/IOBluetooth.framework/Versions/A/IOBluetooth
0x0000000051432000 	/System/Library/PrivateFrameworks/CoreWiFi.framework/Versions/A/CoreWiFi
0x0000000051432000 	/System/Library/Frameworks/CoreBluetooth.framework/Versions/A/CoreBluetooth
0x0000000051432000 	/System/Library/Frameworks/CoreDisplay.framework/Versions/A/CoreDisplay
0x0000000051432000 	/System/Library/PrivateFrameworks/IOPresentment.framework/Versions/A/IOPresentment
0x0000000051432000 	/System/Library/PrivateFrameworks/DebugSymbols.framework/Versions/A/DebugSymbols
0x0000000051432000 	/System/Library/PrivateFrameworks/CoreSymbolication.framework/Versions/A/CoreSymbolication
0x0000000051432000 	/System/Library/PrivateFrameworks/Symbolication.framework/Versions/A/Symbolication
0x0000000051432000 	/System/Library/PrivateFrameworks/AppleFSCompression.framework/Versions/A/AppleFSCompression
0x0000000051432000 	/System/Library/PrivateFrameworks/SpeechRecognitionCore.framework/Versions/A/SpeechRecognitionCore
0x0000000051432000 	/System/Library/PrivateFrameworks/ChunkingLibrary.framework/Versions/A/ChunkingLibrary
0x0000000101962000 	/System/Library/CoreServices/Encodings/libSimplifiedChineseConverter.dylib
0x0000000102200000 	/Library/Java/JavaVirtualMachines/jdk1.8.0_121.jdk/Contents/Home/jre/lib/server/libjvm.dylib
0x0000000051432000 	/usr/lib/libstdc++.6.dylib
0x00000001019a6000 	/Library/Java/JavaVirtualMachines/jdk1.8.0_121.jdk/Contents/Home/jre/lib/libverify.dylib
0x00000001019b4000 	/Library/Java/JavaVirtualMachines/jdk1.8.0_121.jdk/Contents/Home/jre/lib/libjava.dylib
0x00000001019f3000 	/Library/Java/JavaVirtualMachines/jdk1.8.0_121.jdk/Contents/Home/jre/lib/libzip.dylib
0x000000010759c000 	/System/Library/Frameworks/JavaVM.framework/Frameworks/JavaRuntimeSupport.framework/JavaRuntimeSupport
0x00000001075b6000 	/System/Library/Frameworks/JavaVM.framework/Versions/A/Frameworks/JavaNativeFoundation.framework/Versions/A/JavaNativeFoundation
0x00000001075cb000 	/System/Library/Frameworks/JavaVM.framework/Versions/A/JavaVM
0x0000000051432000 	/System/Library/Frameworks/Carbon.framework/Versions/A/Carbon
0x00000001075d8000 	/System/Library/PrivateFrameworks/JavaLaunching.framework/Versions/A/JavaLaunching
0x0000000051432000 	/System/Library/Frameworks/Carbon.framework/Versions/A/Frameworks/CommonPanels.framework/Versions/A/CommonPanels
0x0000000051432000 	/System/Library/Frameworks/Carbon.framework/Versions/A/Frameworks/Help.framework/Versions/A/Help
0x0000000051432000 	/System/Library/Frameworks/Carbon.framework/Versions/A/Frameworks/ImageCapture.framework/Versions/A/ImageCapture
0x0000000051432000 	/System/Library/Frameworks/Carbon.framework/Versions/A/Frameworks/OpenScripting.framework/Versions/A/OpenScripting
0x0000000051432000 	/System/Library/Frameworks/Carbon.framework/Versions/A/Frameworks/Print.framework/Versions/A/Print
0x0000000051432000 	/System/Library/Frameworks/Carbon.framework/Versions/A/Frameworks/SecurityHI.framework/Versions/A/SecurityHI

VM Arguments:
jvm_args: -Djava.awt.headless=true -Xmx1024M -Dfile.encoding=UTF-8 -Duser.country=CN -Duser.language=zh -Duser.variant 
java_command: com.android.dx.command.Main --dex --num-threads=4 --output /Users/tong/Desktop/xmsz/android/app/build/intermediates/pre-dexed/release/com.android.support-support-v4-23.0.1_57d68d1d5ae4c4dd7cea59a21559db34e0d4055e.jar /Users/tong/Desktop/xmsz/android/app/build/intermediates/exploded-aar/com.android.support/support-v4/23.0.1/jars/classes.jar
java_class_path (initial): /Users/tong/Library/Android/sdk/build-tools/23.0.1/lib/dx.jar
Launcher Type: SUN_STANDARD

Environment Variables:
PATH=/Users/tong/.nvm/versions/node/v6.7.0/bin:/usr/local/bin:/usr/bin:/bin:/usr/sbin:/sbin:/Users/tong/Library/Android/sdk/platform-tools:/Users/tong/Library/Android/sdk/tools:/Users/tong/Library/Android/sdk/platform-tools:/Users/tong/Library/Android/sdk/tools
SHELL=/bin/bash

Signal Handlers:
SIGSEGV: [libjvm.dylib+0x5b1141], sa_mask[0]=11111111011111110111111111111111, sa_flags=SA_ONSTACK|SA_RESTART|SA_SIGINFO
SIGBUS: [libjvm.dylib+0x5b1141], sa_mask[0]=11111111011111110111111111111111, sa_flags=SA_RESTART|SA_SIGINFO
SIGFPE: [libjvm.dylib+0x487bc4], sa_mask[0]=11111111011111110111111111111111, sa_flags=SA_RESTART|SA_SIGINFO
SIGPIPE: [libjvm.dylib+0x487bc4], sa_mask[0]=11111111011111110111111111111111, sa_flags=SA_RESTART|SA_SIGINFO
SIGXFSZ: [libjvm.dylib+0x487bc4], sa_mask[0]=11111111011111110111111111111111, sa_flags=SA_RESTART|SA_SIGINFO
SIGILL: [libjvm.dylib+0x487bc4], sa_mask[0]=11111111011111110111111111111111, sa_flags=SA_RESTART|SA_SIGINFO
SIGUSR1: SIG_DFL, sa_mask[0]=11011111011111100000000111000110, sa_flags=none
SIGUSR2: [libjvm.dylib+0x4876e2], sa_mask[0]=00100000000000000000000000000000, sa_flags=SA_RESTART|SA_SIGINFO
SIGHUP: [libjvm.dylib+0x485cb9], sa_mask[0]=11111111011111110111111111111111, sa_flags=SA_RESTART|SA_SIGINFO
SIGINT: [libjvm.dylib+0x485cb9], sa_mask[0]=11111111011111110111111111111111, sa_flags=SA_RESTART|SA_SIGINFO
SIGTERM: [libjvm.dylib+0x485cb9], sa_mask[0]=11111111011111110111111111111111, sa_flags=SA_RESTART|SA_SIGINFO
SIGQUIT: [libjvm.dylib+0x485cb9], sa_mask[0]=11111111011111110111111111111111, sa_flags=SA_RESTART|SA_SIGINFO


---------------  S Y S T E M  ---------------

OS:Bsduname:Darwin 16.3.0 Darwin Kernel Version 16.3.0: Thu Nov 17 20:23:58 PST 2016; root:xnu-3789.31.2~1/RELEASE_X86_64 x86_64
rlimit: STACK 8192k, CORE 0k, NPROC 709, NOFILE 10240, AS infinity
load average:13.95 6.75 4.15

CPU:total 4 (2 cores per cpu, 2 threads per core) family 6 model 58 stepping 9, cmov, cx8, fxsr, mmx, sse, sse2, sse3, ssse3, sse4.1, sse4.2, popcnt, avx, aes, clmul, erms, ht, tsc, tscinvbit, tscinv

Memory: 4k page, physical 8388608k(57088k free)

/proc/meminfo:


vm_info: Java HotSpot(TM) 64-Bit Server VM (25.121-b13) for bsd-amd64 JRE (1.8.0_121-b13), built on Dec 12 2016 20:39:32 by "java_re" with gcc 4.2.1 (Based on Apple Inc. build 5658) (LLVM build 2336.11.00)

time: Thu Jun 22 14:00:49 2017
elapsed time: 7 seconds (0d 0h 0m 7s)

